1553315420028	mozrunner::runner	INFO	Running command: "D:\\Program Files (x86)\\Mozilla Firefox\\firefox.exe" "-marionette" "-foreground" "-no-remote" "-profile" "C:\\Users\\hp\\AppData\\Local\\Temp\\rust_mozprofile.tQ7VK7OfPCpL"
1553315421525	addons.webextension.screenshots@mozilla.org	WARN	Loading extension 'screenshots@mozilla.org': Reading manifest: Invalid extension permission: mozillaAddons
1553315421525	addons.webextension.screenshots@mozilla.org	WARN	Loading extension 'screenshots@mozilla.org': Reading manifest: Invalid extension permission: resource://pdf.js/
1553315421525	addons.webextension.screenshots@mozilla.org	WARN	Loading extension 'screenshots@mozilla.org': Reading manifest: Invalid extension permission: about:reader*
1553315424357	Marionette	INFO	Listening on port 55257
1553315425006	Marionette	WARN	TLS certificate errors will be ignored for this session
1553315456507	Marionette	WARN	TimedPromise timed out after 500 ms: stacktrace:
bail@chrome://marionette/content/sync.js:224:64
openRemotePrompt@jar:file:///D:/Program%20Files%20(x86)/Mozilla%20Firefox/omni.ja!/components/nsPrompter.js:507:5
openPrompt@jar:file:///D:/Program%20Files%20(x86)/Mozilla%20Firefox/omni.ja!/components/nsPrompter.js:541:17
alert@jar:file:///D:/Program%20Files%20(x86)/Mozilla%20Firefox/omni.ja!/components/nsPrompter.js:614:9
popUpAlert@https://www.wjx.cn/joinnew/js/jqnew2.js?v=703:271:111
submit@https://www.wjx.cn/joinnew/js/jqnew2.js?v=703:183:400
Init/submit_button.onclick@https://www.wjx.cn/joinnew/js/jqnew2.js?v=703:25:489
event.synthesizeMouseAtPoint@chrome://marionette/content/event.js:202:5
webdriverClickElement@chrome://marionette/content/interaction.js:183:5
console.error: BroadcastService: 
  receivedBroadcastMessage: handler for
  remote-settings/monitor_changes
  threw error:
  Message: Error: Polling for changes failed: NetworkError when attempting to fetch resource..
  Stack:
    remoteSettingsFunction/remoteSettings.pollChanges@resource://services-settings/remote-settings.js:190:13

1553315465933	Marionette	WARN	TimedPromise timed out after 500 ms: stacktrace:
bail@chrome://marionette/content/sync.js:224:64
openRemotePrompt@jar:file:///D:/Program%20Files%20(x86)/Mozilla%20Firefox/omni.ja!/components/nsPrompter.js:507:5
openPrompt@jar:file:///D:/Program%20Files%20(x86)/Mozilla%20Firefox/omni.ja!/components/nsPrompter.js:541:17
alert@jar:file:///D:/Program%20Files%20(x86)/Mozilla%20Firefox/omni.ja!/components/nsPrompter.js:614:9
popUpAlert@https://www.wjx.cn/joinnew/js/jqnew2.js?v=703:271:111
submit@https://www.wjx.cn/joinnew/js/jqnew2.js?v=703:183:400
Init/submit_button.onclick@https://www.wjx.cn/joinnew/js/jqnew2.js?v=703:25:489
event.synthesizeMouseAtPoint@chrome://marionette/content/event.js:202:5
webdriverClickElement@chrome://marionette/content/interaction.js:183:5
1553315474013	mozrunner::runner	INFO	Running command: "D:\\Program Files (x86)\\Mozilla Firefox\\firefox.exe" "-marionette" "-foreground" "-no-remote" "-profile" "C:\\Users\\hp\\AppData\\Local\\Temp\\rust_mozprofile.bRj3Vwkuuz11"
1553315475665	addons.webextension.screenshots@mozilla.org	WARN	Loading extension 'screenshots@mozilla.org': Reading manifest: Invalid extension permission: mozillaAddons
1553315475666	addons.webextension.screenshots@mozilla.org	WARN	Loading extension 'screenshots@mozilla.org': Reading manifest: Invalid extension permission: resource://pdf.js/
1553315475666	addons.webextension.screenshots@mozilla.org	WARN	Loading extension 'screenshots@mozilla.org': Reading manifest: Invalid extension permission: about:reader*
1553315479610	Marionette	INFO	Listening on port 55354
1553315480086	Marionette	WARN	TLS certificate errors will be ignored for this session
1553315486723	Marionette	WARN	TimedPromise timed out after 500 ms: stacktrace:
bail@chrome://marionette/content/sync.js:224:64
openRemotePrompt@jar:file:///D:/Program%20Files%20(x86)/Mozilla%20Firefox/omni.ja!/components/nsPrompter.js:507:5
openPrompt@jar:file:///D:/Program%20Files%20(x86)/Mozilla%20Firefox/omni.ja!/components/nsPrompter.js:541:17
alert@jar:file:///D:/Program%20Files%20(x86)/Mozilla%20Firefox/omni.ja!/components/nsPrompter.js:614:9
popUpAlert@https://www.wjx.cn/joinnew/js/jqnew2.js?v=703:271:111
submit@https://www.wjx.cn/joinnew/js/jqnew2.js?v=703:183:400
Init/submit_button.onclick@https://www.wjx.cn/joinnew/js/jqnew2.js?v=703:25:489
event.synthesizeMouseAtPoint@chrome://marionette/content/event.js:202:5
webdriverClickElement@chrome://marionette/content/interaction.js:183:5
1553315492042	Marionette	WARN	TimedPromise timed out after 500 ms: stacktrace:
bail@chrome://marionette/content/sync.js:224:64
1553315493296	Marionette	WARN	TimedPromise timed out after 500 ms: stacktrace:
bail@chrome://marionette/content/sync.js:224:64
openRemotePrompt@jar:file:///D:/Program%20Files%20(x86)/Mozilla%20Firefox/omni.ja!/components/nsPrompter.js:507:5
openPrompt@jar:file:///D:/Program%20Files%20(x86)/Mozilla%20Firefox/omni.ja!/components/nsPrompter.js:541:17
alert@jar:file:///D:/Program%20Files%20(x86)/Mozilla%20Firefox/omni.ja!/components/nsPrompter.js:614:9
popUpAlert@https://www.wjx.cn/joinnew/js/jqnew2.js?v=703:271:111
submit@https://www.wjx.cn/joinnew/js/jqnew2.js?v=703:183:400
Init/submit_button.onclick@https://www.wjx.cn/joinnew/js/jqnew2.js?v=703:25:489
event.synthesizeMouseAtPoint@chrome://marionette/content/event.js:202:5
webdriverClickElement@chrome://marionette/content/interaction.js:183:5
1553315499076	Marionette	WARN	TimedPromise timed out after 500 ms: stacktrace:
bail@chrome://marionette/content/sync.js:224:64
openRemotePrompt@jar:file:///D:/Program%20Files%20(x86)/Mozilla%20Firefox/omni.ja!/components/nsPrompter.js:507:5
openPrompt@jar:file:///D:/Program%20Files%20(x86)/Mozilla%20Firefox/omni.ja!/components/nsPrompter.js:541:17
alert@jar:file:///D:/Program%20Files%20(x86)/Mozilla%20Firefox/omni.ja!/components/nsPrompter.js:614:9
popUpAlert@https://www.wjx.cn/joinnew/js/jqnew2.js?v=703:271:111
submit@https://www.wjx.cn/joinnew/js/jqnew2.js?v=703:183:400
Init/submit_button.onclick@https://www.wjx.cn/joinnew/js/jqnew2.js?v=703:25:489
event.synthesizeMouseAtPoint@chrome://marionette/content/event.js:202:5
webdriverClickElement@chrome://marionette/content/interaction.js:183:5
1553315511832	mozrunner::runner	INFO	Running command: "D:\\Program Files (x86)\\Mozilla Firefox\\firefox.exe" "-marionette" "-foreground" "-no-remote" "-profile" "C:\\Users\\hp\\AppData\\Local\\Temp\\rust_mozprofile.E6HvH96ICM33"
1553315513434	addons.webextension.screenshots@mozilla.org	WARN	Loading extension 'screenshots@mozilla.org': Reading manifest: Invalid extension permission: mozillaAddons
1553315513434	addons.webextension.screenshots@mozilla.org	WARN	Loading extension 'screenshots@mozilla.org': Reading manifest: Invalid extension permission: resource://pdf.js/
1553315513434	addons.webextension.screenshots@mozilla.org	WARN	Loading extension 'screenshots@mozilla.org': Reading manifest: Invalid extension permission: about:reader*
1553315515546	Marionette	INFO	Listening on port 55425
1553315515766	Marionette	WARN	TLS certificate errors will be ignored for this session
1553315523800	Marionette	WARN	TimedPromise timed out after 500 ms: stacktrace:
bail@chrome://marionette/content/sync.js:224:64
openRemotePrompt@jar:file:///D:/Program%20Files%20(x86)/Mozilla%20Firefox/omni.ja!/components/nsPrompter.js:507:5
openPrompt@jar:file:///D:/Program%20Files%20(x86)/Mozilla%20Firefox/omni.ja!/components/nsPrompter.js:541:17
alert@jar:file:///D:/Program%20Files%20(x86)/Mozilla%20Firefox/omni.ja!/components/nsPrompter.js:614:9
popUpAlert@https://www.wjx.cn/joinnew/js/jqnew2.js?v=703:271:111
submit@https://www.wjx.cn/joinnew/js/jqnew2.js?v=703:183:400
Init/submit_button.onclick@https://www.wjx.cn/joinnew/js/jqnew2.js?v=703:25:489
event.synthesizeMouseAtPoint@chrome://marionette/content/event.js:202:5
webdriverClickElement@chrome://marionette/content/interaction.js:183:5
1553315529491	Marionette	WARN	TimedPromise timed out after 500 ms: stacktrace:
bail@chrome://marionette/content/sync.js:224:64
openRemotePrompt@jar:file:///D:/Program%20Files%20(x86)/Mozilla%20Firefox/omni.ja!/components/nsPrompter.js:507:5
openPrompt@jar:file:///D:/Program%20Files%20(x86)/Mozilla%20Firefox/omni.ja!/components/nsPrompter.js:541:17
alert@jar:file:///D:/Program%20Files%20(x86)/Mozilla%20Firefox/omni.ja!/components/nsPrompter.js:614:9
popUpAlert@https://www.wjx.cn/joinnew/js/jqnew2.js?v=703:271:111
submit@https://www.wjx.cn/joinnew/js/jqnew2.js?v=703:183:400
Init/submit_button.onclick@https://www.wjx.cn/joinnew/js/jqnew2.js?v=703:25:489
event.synthesizeMouseAtPoint@chrome://marionette/content/event.js:202:5
webdriverClickElement@chrome://marionette/content/interaction.js:183:5
[Child 968console.error: BroadcastService: 
  receivedBroadcastMessage: handler for
  remote-settings/monitor_changes
  threw error:
  Message: Error: Polling for changes failed: NetworkError when attempting to fetch resource..
  Stack:
    remoteSettingsFunction/remoteSettings.pollChanges@resource://services-settings/remote-settings.js:190:13

[Parent 2908, Gecko_IOThread] WARNING: pipe error: 109: file z:/build/build/src/ipc/chromium/src/chrome/common/ipc_channel_win.cc, line 332
[Child 5092, Chrome_ChildThread] WARNING: pipe error: 109: file z:/build/build/src/ipc/chromium/src/chrome/common/ipc_channel_win.cc, line 332
[Child 5092, Chrome_ChildThread] WARNING: pipe error: 109: file z:/build/build/src/iIPDL protocol error: Handler returned error code!

###!!! [Parent][DispatchAsyncMessage] Error: PLayerTransaction::Msg_ReleaseLayer Processing error: message was deserialized, but the handler returned false (indicating failure)

IPDL protocol error: Handler returned error code!

###!!! [Parent][DispatchAsyncMessage] Error: PLayerTransaction::Msg_ReleaseLayer Processing error: message was deserialized, but the handler returned false (indicating failure)

IPDL protocol error: Handler returned error code!

###!!! [Parent][DispatchAsyncMessage] Error: PLayerTransaction::Msg_ReleaseLayer Processing error: message was deserialized, but the handler returned false (indicating failure)

IPDL protocol error: Handler returned error code!

###!!! [Parent][DispatchAsyncMessage] Error: PLayerTransaction::Msg_ReleaseLayer Processing error: message was deserialized, but the handler returned false (indicating failure)

IPDL protocol error: Handler returned error code!

###!!! [Parent][DispatchAsyncMessage] Error: PLayerTransaction::Msg_ReleaseLayer Processing error: message was deserialized, but the handler returned false (indicating failure)

[Parent 2908, Gecko_IOThread] WARNING: pipe error: 109: file z:/build/[Parent 8772, Gecko_IOThread] WARNING: pipe error: 109: file z:/build/build/src/ipc/chromium/src/chrome/common/ipc_channel_win.cc, line 332
[Child 12504, Chrome_ChildThread] WARNING: pipe error: 109: file z:/build/build/src/ipc/chromium/src/chrome/common/ipc_channel_win.cc, line 332
1553318402306	Marionette	INFO	Stopped listening on port 56149

###!!! [Child][RunMessage] Error: Channel closing: too late to send/recv, messages will be lost


###!!! [Child][MessageChannel::SendAndWait] Error: Channel error: cannot send/recv

ageChannel::SendAndWait] Error: Channel error: cannot send/recv

nsion.screenshots@mozilla.org	WARN	Loading extension 'screenshots@mozilla.org': Reading manifest: Invalid extension permission: about:reader*
1553318346938	Marionette	INFO	Listening on port 56300
1553318347688	Marionette	WARN	TLS certificate errors will be ignored for this session
[Child 7680, Chrome_ChildThread] WARNING: pipe error: 109: file z:/build/build/src/ipc/chromium/src/chrome/common/ipc_channel_win.cc, line 332
[Child 7680, Chrome_ChildThread] WARNING: pipe error: 109: file z:/build[Child 7708, Chrom/build/src/ipc/chromium/src/chrome/common/ipc_channel_win.cc, line 332
[Parent 10908, Gecko_IOThread] WARNING: pipe error: 109: file z:/build/build/src/ipc/chromium/src/chrome/common/ipc_channel_win.cc, line 332
[Child 11308, Chrome_ChildThread] WARNING: pipe error: 109: file z:/build/build/src/ipc/chromium/src/chrome/common/ipc_channel_win.cc, line 332
[Child1553318391751	Marionette	INFO	Stopped listening on port 56300
[GPU 1328, C
###!!! [Child][MessageChannel::SendAndWait] Error: Channel error: cannot send/recv

1553318409684	mozrunner::runner	INFO	Running command: "D:\\Program Files (x86)\\Mozilla Firefox\\firefox.exe" "-marionette" "-foreground" "-no-remote" "-profile" "C:\\Users\\hp\\AppData\\Local\\Temp\\rust_mozprofile.qXyRD7yGrTWt"
1553318411766	addons.webextension.screenshots@mozilla.org	WARN	Loading extension 'screenshots@mozilla.org': Reading manifest: Invalid extension permission: mozillaAddons
1553318411766	addons.webextension.screenshots@mozilla.org	WARN	Loading extension 'screenshots@mozilla.org': Reading manifest: Invalid extension permission: resource://pdf.js/
1553318411766	addons.webextension.screenshots@mozilla.org	WARN	Loading extension 'screenshots@mozilla.org': Reading manifest: Invalid extension permission: about:reader*
1553318414002	Marionette	INFO	Listening on port 56365
1553318414105	Marionette	WARN	TLS certificate errors will be ignored for this session
[Parent 1596, Gecko_IOThread] WARNING: pipe error: 109: file z:/build/build/src/ipc/chromium/src/chrome/common/ipc_channel_win.cc, line 332
[Child 12860, Chrome_ChildThread] WARNING: pipe error: 109: file z:/build/build/src/ipc/chromium/src/chrome/common/ipc_channel_win.cc, line 332
[Child 12860, Chrome_ChildThread] WARNING: pipe error: 109: file z:/build/build/src[Parent 1596, Gecko_IOThread] WARNING: pipe error: 109: file z:/build/build/src/ipc/chromium/src/chrome/common/ipc_channel_win.cc, line 332
[Child 11308, Chrome_ChildThread] WARNING: pipe error: 109: file z:/build/build/src/ipc/chromium/src/chrome/common/ipc_channel_win.cc, line 332
[Child 11301553318481284	Marionette	INFO	Stopped listening on port 56365
[GP
###!!! [Child][RunMessage] Error: Channel closing: too late to send/recv, messages will be lost

U 12040, Chro
###!!! [Child][MessageChannel::SendAndWait] Error: Channel error: cannot send/recv

1553323211486	mozrunner::runner	INFO	Running command: "D:\\Program Files (x86)\\Mozilla Firefox\\firefox.exe" "-marionette" "-foreground" "-no-remote" "-profile" "C:\\Users\\hp\\AppData\\Local\\Temp\\rust_mozprofile.RXVSqrk77ifX"
1553323212620	addons.webextension.screenshots@mozilla.org	WARN	Loading extension 'screenshots@mozilla.org': Reading manifest: Invalid extension permission: mozillaAddons
1553323212620	addons.webextension.screenshots@mozilla.org	WARN	Loading extension 'screenshots@mozilla.org': Reading manifest: Invalid extension permission: resource://pdf.js/
1553323212620	addons.webextension.screenshots@mozilla.org	WARN	Loading extension 'screenshots@mozilla.org': Reading manifest: Invalid extension permission: about:reader*
1553323215213	Marionette	INFO	Listening on port 54365
1553323215334	Marionette	WARN	TLS certificate errors will be ignored for this session
console.error: BroadcastService: 
  receivedBroadcastMessage: handler for
  remote-settings/monitor_changes
  threw error:
  Message: Error: Polling for changes failed: NetworkError when attempting to fetch resource..
  Stack:
    remoteSettingsFunction/remoteSettings.pollChanges@resource://services-settings/remote-settings.js:190:13

1553323256233	Marionette	WARN	TimedPromise timed out after 500 ms: stacktrace:
bail@chrome://marionette/content/sync.js:224:64
openRemotePrompt@jar:file:///D:/Program%20Files%20(x86)/Mozilla%20Firefox/omni.ja!/components/nsPrompter.js:507:5
openPrompt@jar:file:///D:/Program%20Files%20(x86)/Mozilla%20Firefox/omni.ja!/components/nsPrompter.js:541:17
alert@jar:file:///D:/Program%20Files%20(x86)/Mozilla%20Firefox/omni.ja!/components/nsPrompter.js:614:9
popUpAlert@https://www.wjx.cn/joinnew/js/jqnew2.js?v=703:271:111
afterSubmit@https://www.wjx.cn/joinnew/js/jqnew2.js?v=703:209:7
submit/d.onreadystatechange@https://www.wjx.cn/joinnew/js/jqnew2.js?v=703:185:82
submit@https://www.wjx.cn/joinnew/js/jqnew2.js?v=703:193:251
Init/submit_button.onclick@https://www.wjx.cn/joinnew/js/jqnew2.js?v=703:25:489
event.synthesizeMouseAtPoint@chrome://marionette/content/event.js:202:5
webdriverClickElement@chrome://marionette/content/interaction.js:183:5
1553323269626	Marionette	WARN	TimedPromise timed out after 500 ms: stacktrace:
bail@chrome://marionette/content/sync.js:224:64
openRemotePrompt@jar:file:///D:/Program%20Files%20(x86)/Mozilla%20Firefox/omni.ja!/components/nsPrompter.js:507:5
openPrompt@jar:file:///D:/Program%20Files%20(x86)/Mozilla%20Firefox/omni.ja!/components/nsPrompter.js:541:17
alert@jar:file:///D:/Program%20Files%20(x86)/Mozilla%20Firefox/omni.ja!/components/nsPrompter.js:614:9
popUpAlert@https://www.wjx.cn/joinnew/js/jqnew2.js?v=703:271:111
afterSubmit@https://www.wjx.cn/joinnew/js/jqnew2.js?v=703:209:7
submit/d.onreadystatechange@https://www.wjx.cn/joinnew/js/jqnew2.js?v=703:185:82
submit@https://www.wjx.cn/joinnew/js/jqnew2.js?v=703:193:251
Init/submit_button.onclick@https://www.wjx.cn/joinnew/js/jqnew2.js?v=703:25:489
event.synthesizeMouseAtPoint@chrome://marionette/content/event.js:202:5
webdriverClickElement@chrome://marionette/content/interaction.js:183:5

###!!! [Parent][MessageChannel] Error: (msgtype=0x1E0098,name=PBrowser::Msg_UpdateNativeWindowHandle) Channel error: cannot send/recv


###!!! [Parent][MessageChannel] Error: (msgtype=0x1E0087,name=PBrowser::Msg_Destroy) Channel error: cannot send/recv


###!!! [Parent][MessageChannel] Error: (msgtype=0x350115,name=PContent::Msg_AsyncMessage) Channel error: cannot send/recv


###!!! [Parent][MessageChannel] Error: (msgtype=0x1E0098,name=PBrowser::Msg_UpdateNativeWindowHandle) Channel error: cannot send/recv


###!!! [Parent][MessageChannel] Error: (msgtype=0x1E0087,name=PBrowser::Msg_Destroy) Channel error: cannot send/recv


###!!! [Parent][MessageChannel] Error: (msgtype=0x1E0098,name=PBrowser::Msg_UpdateNativeWindowHandle) Channel error: cannot send/recv


###!!! [Parent][MessageChannel] Error: (msgtype=0x1E0087,name=PBrowser::Msg_Destroy) Channel error: cannot send/recv

A content process crashed and MOZ_CRASHREPORTER_SHUTDOWN is set, shutting down

###!!! [Parent][MessageChannel] Error: (msgtype=0x350115,name=PContent::Msg_AsyncMessage) Channel error: cannot send/recv


###!!! [Parent][MessageChannel] Error: (msgtype=0x350115,name=PContent::Msg_AsyncMessage) Channel error: cannot send/recv


###!!! [Parent][MessageChannel] Error: (msgtype=0x350115,name=PContent::Msg_AsyncMessage) Channel error: cannot send/recv


###!!! [Parent][MessageChannel] Error: (msgtype=0x350115,name=PContent::Msg_AsyncMessage) Channel error: cannot send/recv


###!!! [Parent][MessageChannel] Error: (msgtype=0x350115,name=PContent::Msg_AsyncMessage) Channel error: cannot send/recv


###!!! [Parent][MessageChannel] Error: (msgtype=0x35001A,name=PContent::Msg_RegisterChromeItem) Channel error: cannot send/recv


###!!! [Parent][MessageChannel] Error: (msgtype=0x35001A,name=PContent::Msg_RegisterChromeItem) Channel error: cannot send/recv


###!!! [Parent][MessageChannel] Error: (msgtype=0x35001A,name=PContent::Msg_RegisterChromeItem) Channel error: cannot send/recv


###!!! [Parent][MessageChannel] Error: (msgtype=0x35001A,name=PContent::Msg_RegisterChromeItem) Channel error: cannot send/recv


###!!! [Parent][MessageChannel] Error: (msgtype=0x35001A,name=PContent::Msg_RegisterChromeItem) Channel error: cannot send/recv


###!!! [Parent][MessageChannel] Error: (msgtype=0x35001A,name=PContent::Msg_RegisterChromeItem) Channel error: cannot send/recv


###!!! [Parent][MessageChannel] Error: (msgtype=0x35001A,name=PContent::Msg_RegisterChromeItem) Channel error: cannot send/recv


###!!! [Parent][MessageChannel] Error: (msgtype=0x35001A,name=PContent::Msg_RegisterChromeItem) Channel error: cannot send/recv


###!!! [Parent][MessageChannel] Error: (msgtype=0x35001A,name=PContent::Msg_RegisterChromeItem) Channel error: cannot send/recv


###!!! [Parent][MessageChannel] Error: (msgtype=0x35001A,name=PContent::Msg_RegisterChromeItem) Channel error: cannot send/recv


###!!! [Parent][MessageChannel] Error: (msgtype=0x35001A,name=PContent::Msg_RegisterChromeItem) Channel error: cannot send/recv


###!!! [Parent][MessageChannel] Error: (msgtype=0x35001A,name=PContent::Msg_RegisterChromeItem) Channel error: cannot send/recv


###!!! [Parent][MessageChannel] Error: (msgtype=0x35001A,name=PContent::Msg_RegisterChromeItem) Channel error: cannot send/recv


###!!! [Parent][MessageChannel] Error: (msgtype=0x35001A,name=PContent::Msg_RegisterChromeItem) Channel error: cannot send/recv


###!!! [Parent][MessageChannel] Error: (msgtype=0x35001A,name=PContent::Msg_RegisterChromeItem) Channel error: cannot send/recv


###!!! [Parent][MessageChannel] Error: (msgtype=0x35001A,name=PContent::Msg_RegisterChromeItem) Channel error: cannot send/recv


###!!! [Parent][MessageChannel] Error: (msgtype=0x35001A,name=PContent::Msg_RegisterChromeItem) Channel error: cannot send/recv


###!!! [Parent][MessageChannel] Error: (msgtype=0x35001A,name=PContent::Msg_RegisterChromeItem) Channel error: cannot send/recv


###!!! [Parent][MessageChannel] Error: (msgtype=0x35001A,name=PContent::Msg_RegisterChromeItem) Channel error: cannot send/recv


###!!! [Parent][MessageChannel] Error: (msgtype=0x35001A,name=PContent::Msg_RegisterChromeItem) Channel error: cannot send/recv


###!!! [Parent][MessageChannel] Error: (msgtype=0x35001A,name=PContent::Msg_RegisterChromeItem) Channel error: cannot send/recv


###!!! [Parent][MessageChannel] Error: (msgtype=0x35001A,name=PContent::Msg_RegisterChromeItem) Channel error: cannot send/recv


###!!! [Parent][MessageChannel] Error: (msgtype=0x35001A,name=PContent::Msg_RegisterChromeItem) Channel error: cannot send/recv


###!!! [Parent][MessageChannel] Error: (msgtype=0x35001A,name=PContent::Msg_RegisterChromeItem) Channel error: cannot send/recv


###!!! [Parent][MessageChannel] Error: (msgtype=0x35001A,name=PContent::Msg_RegisterChromeItem) Channel error: cannot send/recv


###!!! [Parent][MessageChannel] Error: (msgtype=0x35001A,name=PContent::Msg_RegisterChromeItem) Channel error: cannot send/recv


###!!! [Parent][MessageChannel] Error: (msgtype=0x35001A,name=PContent::Msg_RegisterChromeItem) Channel error: cannot send/recv


###!!! [Parent][MessageChannel] Error: (msgtype=0x35001A,name=PContent::Msg_RegisterChromeItem) Channel error: cannot send/recv


###!!! [Parent][MessageChannel] Error: (msgtype=0x35001A,name=PContent::Msg_RegisterChromeItem) Channel error: cannot send/recv


###!!! [Parent][MessageChannel] Error: (msgtype=0x35001A,name=PContent::Msg_RegisterChromeItem) Channel error: cannot send/recv


###!!! [Parent][MessageChannel] Error: (msgtype=0x35001A,name=PContent::Msg_RegisterChromeItem) Channel error: cannot send/recv


###!!! [Parent][MessageChannel] Error: (msgtype=0x35001A,name=PContent::Msg_RegisterChromeItem) Channel error: cannot send/recv


###!!! [Parent][MessageChannel] Error: (msgtype=0x35001A,name=PContent::Msg_RegisterChromeItem) Channel error: cannot send/recv


###!!! [Parent][MessageChannel] Error: (msgtype=0x35001A,name=PContent::Msg_RegisterChromeItem) Channel error: cannot send/recv


###!!! [Parent][MessageChannel] Error: (msgtype=0x35001A,name=PContent::Msg_RegisterChromeItem) Channel error: cannot send/recv


###!!! [Parent][MessageChannel] Error: (msgtype=0x35001A,name=PContent::Msg_RegisterChromeItem) Channel error: cannot send/recv


###!!! [Parent][MessageChannel] Error: (msgtype=0x35001A,name=PContent::Msg_RegisterChromeItem) Channel error: cannot send/recv


###!!! [Parent][MessageChannel] Error: (msgtype=0x35001A,name=PContent::Msg_RegisterChromeItem) Channel error: cannot send/recv


###!!! [Parent][MessageChannel] Error: (msgtype=0x350019,name=PContent::Msg_RegisterChrome) Channel error: cannot send/recv


###!!! [Parent][MessageChannel] Error: (msgtype=0x350019,name=PContent::Msg_RegisterChrome) Channel error: cannot send/recv


###!!! [Parent][MessageChannel] Error: (msgtype=0x35001A,name=PContent::Msg_RegisterChromeItem) Channel error: cannot send/recv


###!!! [Parent][MessageChannel] Error: (msgtype=0x35001A,name=PContent::Msg_RegisterChromeItem) Channel error: cannot send/recv


###!!! [Parent][MessageChannel] Error: (msgtype=0x35001A,name=PContent::Msg_RegisterChromeItem) Channel error: cannot send/recv


###!!! [Parent][MessageChannel] Error: (msgtype=0x35001A,name=PContent::Msg_RegisterChromeItem) Channel error: cannot send/recv


###!!! [Parent][MessageChannel] Error: (msgtype=0x35001A,name=PContent::Msg_RegisterChromeItem) Channel error: cannot send/recv


###!!! [Parent][MessageChannel] Error: (msgtype=0x35001A,name=PContent::Msg_RegisterChromeItem) Channel error: cannot send/recv


###!!! [Parent][MessageChannel] Error: (msgtype=0x35001A,name=PContent::Msg_RegisterChromeItem) Channel error: cannot send/recv


###!!! [Parent][MessageChannel] Error: (msgtype=0x35001A,name=PContent::Msg_RegisterChromeItem) Channel error: cannot send/recv


###!!! [Parent][MessageChannel] Error: (msgtype=0x35001A,name=PContent::Msg_RegisterChromeItem) Channel error: cannot send/recv


###!!! [Parent][MessageChannel] Error: (msgtype=0x35001A,name=PContent::Msg_RegisterChromeItem) Channel error: cannot send/recv


###!!! [Parent][MessageChannel] Error: (msgtype=0x35001A,name=PContent::Msg_RegisterChromeItem) Channel error: cannot send/recv


###!!! [Parent][MessageChannel] Error: (msgtype=0x35001A,name=PContent::Msg_RegisterChromeItem) Channel error: cannot send/recv


###!!! [Parent][MessageChannel] Error: (msgtype=0x35001A,name=PContent::Msg_RegisterChromeItem) Channel error: cannot send/recv


###!!! [Parent][MessageChannel] Error: (msgtype=0x35001A,name=PContent::Msg_RegisterChromeItem) Channel error: cannot send/recv


###!!! [Parent][MessageChannel] Error: (msgtype=0x35001A,name=PContent::Msg_RegisterChromeItem) Channel error: cannot send/recv


###!!! [Parent][MessageChannel] Error: (msgtype=0x35001A,name=PContent::Msg_RegisterChromeItem) Channel error: cannot send/recv


###!!! [Parent][MessageChannel] Error: (msgtype=0x35001A,name=PContent::Msg_RegisterChromeItem) Channel error: cannot send/recv


###!!! [Parent][MessageChannel] Error: (msgtype=0x35001A,name=PContent::Msg_RegisterChromeItem) Channel error: cannot send/recv


###!!! [Parent][MessageChannel] Error: (msgtype=0x35001A,name=PContent::Msg_RegisterChromeItem) Channel error: cannot send/recv


###!!! [Parent][MessageChannel] Error: (msgtype=0x35001A,name=PContent::Msg_RegisterChromeItem) Channel error: cannot send/recv


###!!! [Parent][MessageChannel] Error: (msgtype=0x35001A,name=PContent::Msg_RegisterChromeItem) Channel error: cannot send/recv


###!!! [Parent][MessageChannel] Error: (msgtype=0x35001A,name=PContent::Msg_RegisterChromeItem) Channel error: cannot send/recv


###!!! [Parent][MessageChannel] Error: (msgtype=0x35001A,name=PContent::Msg_RegisterChromeItem) Channel error: cannot send/recv


###!!! [Parent][MessageChannel] Error: (msgtype=0x35001A,name=PContent::Msg_RegisterChromeItem) Channel error: cannot send/recv


###!!! [Parent][MessageChannel] Error: (msgtype=0x35001A,name=PContent::Msg_RegisterChromeItem) Channel error: cannot send/recv


###!!! [Parent][MessageChannel] Error: (msgtype=0x35001A,name=PContent::Msg_RegisterChromeItem) Channel error: cannot send/recv


###!!! [Parent][MessageChannel] Error: (msgtype=0x35001A,name=PContent::Msg_RegisterChromeItem) Channel error: cannot send/recv


###!!! [Parent][MessageChannel] Error: (msgtype=0x35001A,name=PContent::Msg_RegisterChromeItem) Channel error: cannot send/recv


###!!! [Parent][MessageChannel] Error: (msgtype=0x35001A,name=PContent::Msg_RegisterChromeItem) Channel error: cannot send/recv


###!!! [Parent][MessageChannel] Error: (msgtype=0x35001A,name=PContent::Msg_RegisterChromeItem) Channel error: cannot send/recv


###!!! [Parent][MessageChannel] Error: (msgtype=0x35001A,name=PContent::Msg_RegisterChromeItem) Channel error: cannot send/recv


###!!! [Parent][MessageChannel] Error: (msgtype=0x35001A,name=PContent::Msg_RegisterChromeItem) Channel error: cannot send/recv


###!!! [Parent][MessageChannel] Error: (msgtype=0x35001A,name=PContent::Msg_RegisterChromeItem) Channel error: cannot send/recv


###!!! [Parent][MessageChannel] Error: (msgtype=0x35001A,name=PContent::Msg_RegisterChromeItem) Channel error: cannot send/recv


###!!! [Parent][MessageChannel] Error: (msgtype=0x35001A,name=PContent::Msg_RegisterChromeItem) Channel error: cannot send/recv


###!!! [Parent][MessageChannel] Error: (msgtype=0x35001A,name=PContent::Msg_RegisterChromeItem) Channel error: cannot send/recv


###!!! [Parent][MessageChannel] Error: (msgtype=0x350019,name=PContent::Msg_RegisterChrome) Channel error: cannot send/recv


###!!! [Parent][MessageChannel] Error: (msgtype=0x350019,name=PContent::Msg_RegisterChrome) Channel error: cannot send/recv


###!!! [Parent][MessageChannel] Error: (msgtype=0x350115,name=PContent::Msg_AsyncMessage) Channel error: cannot send/recv


###!!! [Parent][MessageChannel] Error: (msgtype=0x350115,name=PContent::Msg_AsyncMessage) Channel error: cannot send/recv


###!!! [Parent][MessageChannel] Error: (msgtype=0x370009,name=PCookieService::Msg_AddCookie) Channel error: cannot send/recv


###!!! [Parent][MessageChannel] Error: (msgtype=0x370005,name=PCookieService::Msg_TrackCookiesLoad) Channel error: cannot send/recv


###!!! [Parent][MessageChannel] Error: (msgtype=0x520013,name=PHttpChannel::Msg_OnStartRequest) Channel error: cannot send/recv

A content process crashed and MOZ_CRASHREPORTER_SHUTDOWN is set, shutting down

###!!! [Parent][MessageChannel] Error: (msgtype=0x35002E,name=PContent::Msg_UpdateSharedData) Channel error: cannot send/recv


###!!! [Parent][MessageChannel] Error: (msgtype=0x350115,name=PContent::Msg_AsyncMessage) Channel error: cannot send/recv


###!!! [Parent][MessageChannel] Error: (msgtype=0x1E0001,name=PBrowser::Msg_AsyncMessage) Channel error: cannot send/recv


###!!! [Parent][MessageChannel] Error: (msgtype=0x1E0098,name=PBrowser::Msg_UpdateNativeWindowHandle) Channel error: cannot send/recv


###!!! [Parent][MessageChannel] Error: (msgtype=0x1E0087,name=PBrowser::Msg_Destroy) Channel error: cannot send/recv

JavaScript error: resource:///modules/sessionstore/SessionStore.jsm, line 1643: TypeError: subject.QueryInterface is not a function
[Parent 3384, Gecko_IOThread] WARNING: file z:/build/build/src/ipc/chromium/src/base/process_util_win.cc, line 166

###!!! [Child][MessageChannel::SendAndWait] Error: Channel error: cannot send/recv

1553323377045	mozrunner::runner	INFO	Running command: "D:\\Program Files (x86)\\Mozilla Firefox\\firefox.exe" "-marionette" "-foreground" "-no-remote" "-profile" "C:\\Users\\hp\\AppData\\Local\\Temp\\rust_mozprofile.WTSsyduAeJr3"
1553323378097	addons.webextension.screenshots@mozilla.org	WARN	Loading extension 'screenshots@mozilla.org': Reading manifest: Invalid extension permission: mozillaAddons
1553323378098	addons.webextension.screenshots@mozilla.org	WARN	Loading extension 'screenshots@mozilla.org': Reading manifest: Invalid extension permission: resource://pdf.js/
1553323378098	addons.webextension.screenshots@mozilla.org	WARN	Loading extension 'screenshots@mozilla.org': Reading manifest: Invalid extension permission: about:reader*
1553323380646	Marionette	INFO	Listening on port 54459
1553323381906	Marionette	WARN	TLS certificate errors will be ignored for this session
1553323719868	mozrunner::runner	INFO	Running command: "D:\\Program Files (x86)\\Mozilla Firefox\\firefox.exe" "-marionette" "-foreground" "-no-remote" "-profile" "C:\\Users\\hp\\AppData\\Local\\Temp\\rust_mozprofile.fHgifocPvSWt"
1553323720816	addons.webextension.screenshots@mozilla.org	WARN	Loading extension 'screenshots@mozilla.org': Reading manifest: Invalid extension permission: mozillaAddons
1553323720817	addons.webextension.screenshots@mozilla.org	WARN	Loading extension 'screenshots@mozilla.org': Reading manifest: Invalid extension permission: resource://pdf.js/
1553323720817	addons.webextension.screenshots@mozilla.org	WARN	Loading extension 'screenshots@mozilla.org': Reading manifest: Invalid extension permission: about:reader*
1553323723210	Marionette	INFO	Listening on port 54695
1553323723240	Marionette	WARN	TLS certificate errors will be ignored for this session
1553323728812	Marionette	WARN	TimedPromise timed out after 500 ms: stacktrace:
bail@chrome://marionette/content/sync.js:224:64
openRemotePrompt@jar:file:///D:/Program%20Files%20(x86)/Mozilla%20Firefox/omni.ja!/components/nsPrompter.js:507:5
openPrompt@jar:file:///D:/Program%20Files%20(x86)/Mozilla%20Firefox/omni.ja!/components/nsPrompter.js:541:17
alert@jar:file:///D:/Program%20Files%20(x86)/Mozilla%20Firefox/omni.ja!/components/nsPrompter.js:614:9
popUpAlert@https://www.wjx.cn/joinnew/js/jqnew2.js?v=703:271:111
submit@https://www.wjx.cn/joinnew/js/jqnew2.js?v=703:183:400
Init/submit_button.onclick@https://www.wjx.cn/joinnew/js/jqnew2.js?v=703:25:489
event.synthesizeMouseAtPoint@chrome://marionette/content/event.js:202:5
webdriverClickElement@chrome://marionette/content/interaction.js:183:5
1553323732767	Marionette	WARN	TimedPromise timed out after 500 ms: stacktrace:
bail@chrome://marionette/content/sync.js:224:64
openRemotePrompt@jar:file:///D:/Program%20Files%20(x86)/Mozilla%20Firefox/omni.ja!/components/nsPrompter.js:507:5
openPrompt@jar:file:///D:/Program%20Files%20(x86)/Mozilla%20Firefox/omni.ja!/components/nsPrompter.js:541:17
alert@jar:file:///D:/Program%20Files%20(x86)/Mozilla%20Firefox/omni.ja!/components/nsPrompter.js:614:9
popUpAlert@https://www.wjx.cn/joinnew/js/jqnew2.js?v=703:271:111
submit@https://www.wjx.cn/joinnew/js/jqnew2.js?v=703:183:400
Init/submit_button.onclick@https://www.wjx.cn/joinnew/js/jqnew2.js?v=703:25:489
event.synthesizeMouseAtPoint@chrome://marionette/content/event.js:202:5
webdriverClickElement@chrome://marionette/content/interaction.js:183:5

###!!! [Parent][MessageChannel] Error: (msgtype=0x1E0098,name=PBrowser::Msg_UpdateNativeWindowHandle) Channel error: cannot send/recv


###!!! [Parent][MessageChannel] Error: (msgtype=0x1E0087,name=PBrowser::Msg_Destroy) Channel error: cannot send/recv


###!!! [Parent][MessageChannel] Error: (msgtype=0x1E0098,name=PBrowser::Msg_UpdateNativeWindowHandle) Channel error: cannot send/recv


###!!! [Parent][MessageChannel] Error: (msgtype=0x1E0087,name=PBrowser::Msg_Destroy) Channel error: cannot send/recv


###!!! [Parent][MessageChannel] Error: (msgtype=0x350115,name=PContent::Msg_AsyncMessage) Channel error: cannot send/recv


###!!! [Parent][MessageChannel] Error: (msgtype=0x350115,name=PContent::Msg_AsyncMessage) Channel error: cannot send/recv


###!!! [Parent][MessageChannel] Error: (msgtype=0x1E0098,name=PBrowser::Msg_UpdateNativeWindowHandle) Channel error: cannot send/recv


###!!! [Parent][MessageChannel] Error: (msgtype=0x1E0087,name=PBrowser::Msg_Destroy) Channel error: cannot send/recv

1553329655479	mozrunner::runner	INFO	Running command: "D:\\Program Files (x86)\\Mozilla Firefox\\firefox.exe" "-marionette" "-foreground" "-no-remote" "-profile" "C:\\Users\\hp\\AppData\\Local\\Temp\\rust_mozprofile.6IqZSNzSMWIy"
1553329657291	addons.webextension.screenshots@mozilla.org	WARN	Loading extension 'screenshots@mozilla.org': Reading manifest: Invalid extension permission: mozillaAddons
1553329657291	addons.webextension.screenshots@mozilla.org	WARN	Loading extension 'screenshots@mozilla.org': Reading manifest: Invalid extension permission: resource://pdf.js/
1553329657291	addons.webextension.screenshots@mozilla.org	WARN	Loading extension 'screenshots@mozilla.org': Reading manifest: Invalid extension permission: about:reader*
1553329660800	Marionette	INFO	Listening on port 58557
1553329661059	Marionette	WARN	TLS certificate errors will be ignored for this session
console.error: BroadcastService: 
  receivedBroadcastMessage: handler for
  remote-settings/monitor_changes
  threw error:
  Message: Error: Polling for changes failed: NetworkError when attempting to fetch resource..
  Stack:
    remoteSettingsFunction/remoteSettings.pollChanges@resource://services-settings/remote-settings.js:190:13

[Child 1680, Chrome_ChildThread] WARNING: pipe error: 109: file z:/build/build/src/ipc/chromium/src/chrome/common/ipc_channel_win.cc, line 332
[Child 1680, Chrome_ChildThread] WARNIN[Parent 11516, Gecko_IOThread] WARNING: pipe error: 109: file z:/build/build/src/ipc/chromium/src/chrome/common/ipc_channel_win.cc, line 332
1553329866808	Marionette	INFO	Stopped listening on port 58557
[GPU 3096
###!!! [Child][RunMessage] Error: Channel closing: too late to send/recv, messages will be lost


###!!! [Child][MessageChannel::SendAndWait] Error: Channel error: cannot send/recv

ivedBroadcastMessage: handler for
  remote-settings/monitor_changes
  threw error:
  Message: Error: Polling for changes failed: NetworkError when attempting to fetch resource..
  Stack:
    remoteSettingsFunction/remoteSettings.pollChanges@resource://services-settings/remote-settings.js:190:13

1553329825060	Marionette	INFO	Stopped listening on port 58665
[Child 292, Chrome_ChildThread] WARNING: pipe error: 109: file z:/build/build/src/ipc/chromium/src/chrome/common/ipc_channel_win.cc, line 332
[Child 292, Chrome_ChildThread] WARNING: pipe error: 109: file z:/build/build/src/ipc/chromiu[Parent 14288, Gecko_IOThread] WARNING: pipe error: 109: file z:/build/build/src/ipc/chromium/src/chrome/common/ipc_channel_win.cc, line 332
[Child 11832, Chrome_ChildThread] WARNING: pipe error: 109: file z:/build/build/src/ipc/chromium/src/chrome/common/ipc_channel_win.cc, line 332

###!!! [Child][RunMessage] Error: Channel closing: too late to send/recv, messages will be lost

[Child 11832, Chrome_ChildThread] WARNING: pipe error: 109: file z:/build/build/src/ipc/chromium/src/chrome/common/ipc_[Parent 14288, Gecko_IOThread] WARNING: pipe error: 109: file z:/build/build/src/ipc/chromium/src/chrome/common/ipc_channel_win.cc, line 332
[GPU 970
###!!! [Child][RunMessage] Error: Channel closing: too late to send/recv, messages will be lost

0
###!!! [Child][MessageChannel::SendAndWait] Error: Channel error: cannot send/recv

1569934464994	mozrunner::runner	INFO	Running command: "D:\\Program Files (x86)\\Mozilla Firefox\\firefox.exe" "-marionette" "-foreground" "-no-remote" "-profile" "C:\\Users\\hp\\AppData\\Local\\Temp\\rust_mozprofile.51iS8XpCVWOf"
1569934466077	addons.webextension.screenshots@mozilla.org	WARN	Loading extension 'screenshots@mozilla.org': Reading manifest: Invalid extension permission: mozillaAddons
1569934466077	addons.webextension.screenshots@mozilla.org	WARN	Loading extension 'screenshots@mozilla.org': Reading manifest: Invalid extension permission: telemetry
1569934466078	addons.webextension.screenshots@mozilla.org	WARN	Loading extension 'screenshots@mozilla.org': Reading manifest: Invalid extension permission: resource://pdf.js/
1569934466078	addons.webextension.screenshots@mozilla.org	WARN	Loading extension 'screenshots@mozilla.org': Reading manifest: Invalid extension permission: about:reader*
JavaScript error: resource://gre/modules/XULStore.jsm, line 66: Error: Can't find profile directory.
1569934468865	Marionette	INFO	Listening on port 52942
1569934468888	Marionette	WARN	TLS certificate errors will be ignored for this session
1569934475077	Marionette	WARN	TimedPromise timed out after 500 ms: stacktrace:
bail@chrome://marionette/content/sync.js:237:64
submit@https://www.wjx.cn/joinnew/js/jqnew2.js?v=950:3:19528
Init/submit_button.onclick@https://www.wjx.cn/joinnew/js/jqnew2.js?v=950:1:7099
event.synthesizeMouseAtPoint@chrome://marionette/content/event.js:213:14
webdriverClickElement@chrome://marionette/content/interaction.js:192:11
console.error: "Error while calling actor 'pagestyle's method 'getLayout'" "node is null"
console.error: "getLayout@resource://devtools/server/actors/styles.js:914:5\nhandler@resource://devtools/shared/protocol/Actor.js:154:37\nonPacket@resource://devtools/server/main.js:1402:58\nreceiveMessage@resource://devtools/shared/transport/child-transport.js:66:16\n"
console.error: "Error while calling actor 'pagestyle's method 'getUsedFontFaces'" "node is null"
console.error: "getUsedFontFaces@resource://devtools/server/actors/styles.js:375:24\nhandler@resource://devtools/shared/protocol/Actor.js:154:37\nonPacket@resource://devtools/server/main.js:1402:58\nreceiveMessage@resource://devtools/shared/transport/child-transport.js:66:16\n"
*************************
A coding exception was thrown in a Promise resolution callback.
See https://developer.mozilla.org/Mozilla/JavaScript_code_modules/Promise.jsm/Promise

Full message: TypeError: this._containers is null
Full stack: getContainer@resource://devtools/client/inspector/markup/markup.js:632:5
_showNodeAsHovered@resource://devtools/client/inspector/markup/markup.js:514:28
_onToolboxPickerHover/<@resource://devtools/client/inspector/markup/markup.js:301:12
process@resource://gre/modules/Promise-backend.js:961:38
walkerLoop@resource://gre/modules/Promise-backend.js:845:29
scheduleWalkerLoop/<@resource://gre/modules/Promise-backend.js:778:14

*************************
console.error: "Protocol error (unknownError): node is null"
*************************
A coding exception was thrown in a Promise resolution callback.
See https://developer.mozilla.org/Mozilla/JavaScript_code_modules/Promise.jsm/Promise

Full message: TypeError: this._containers is null
Full stack: getContainer@resource://devtools/client/inspector/markup/markup.js:632:5
_showNodeAsHovered@resource://devtools/client/inspector/markup/markup.js:514:28
_onToolboxPickerHover/<@resource://devtools/client/inspector/markup/markup.js:301:12
process@resource://gre/modules/Promise-backend.js:961:38
walkerLoop@resource://gre/modules/Promise-backend.js:845:29
scheduleWalkerLoop/<@resource://gre/modules/Promise-backend.js:778:14

*************************
*************************
A coding exception was thrown in a Promise resolution callback.
See https://developer.mozilla.org/Mozilla/JavaScript_code_modules/Promise.jsm/Promise

Full message: TypeError: this._containers is null
Full stack: getContainer@resource://devtools/client/inspector/markup/markup.js:632:5
_showNodeAsHovered@resource://devtools/client/inspector/markup/markup.js:514:28
_onToolboxPickerHover/<@resource://devtools/client/inspector/markup/markup.js:301:12
process@resource://gre/modules/Promise-backend.js:961:38
walkerLoop@resource://gre/modules/Promise-backend.js:845:29
scheduleWalkerLoop/<@resource://gre/modules/Promise-backend.js:778:14

*************************
console.error: "Could not get the list of font families" "Protocol error (unknownError): node is null"
console.error: "Error sending event: scrollable-change"
console.error: "[Exception... \"Component returned failure code: 0x80070057 (NS_ERROR_ILLEGAL_VALUE) [nsIEventListenerService.getListenerInfoFor]\"  nsresult: \"0x80070057 (NS_ERROR_ILLEGAL_VALUE)\"  location: \"JS frame :: resource://devtools/server/actors/inspector/event-collector.js :: getDOMListeners :: line 267\"  data: no]: getDOMListeners@resource://devtools/server/actors/inspector/event-collector.js:267:22\ngetListeners@resource://devtools/server/actors/inspector/event-collector.js:329:28\nhasListeners@resource://devtools/server/actors/inspector/event-collector.js:228:17\nhasEventListeners@resource://devtools/server/actors/inspector/event-collector.js:797:21\nget _hasEventListeners@resource://devtools/server/actors/inspector/node.js:433:33\nform@resource://devtools/server/actors/inspector/node.js:259:7\nwrite@resource://devtools/shared/protocol/types.js:355:32\ntypes.addArrayType/write/<@resource://devtools/shared/protocol/types.js:220:33\nwrite@resource://devtools/shared/protocol/types.js:220:16\nwrite@resource://devtools/shared/protocol/Request.js:113:22\nwrite@resource://devtools/shared/protocol/Request.js:39:26\n_sendEvent@resource://devtools/shared/protocol/Actor.js:66:24\ninitialize/<@resource://devtools/shared/protocol/Actor.js:46:16\nemit@resource://devtools/shared/event-emitter.js:190:24\nemit@resource://devtools/shared/event-emitter.js:271:18\n_onReflows@resource://devtools/server/actors/inspector/walker.js:595:12\nemit@resource://devtools/shared/event-emitter.js:190:24\nemit@resource://devtools/shared/event-emitter.js:271:18\n_startEventLoop@resource://devtools/server/actors/reflow.js:315:12\nnotify@resource://gre/modules/Timer.jsm:62:17\n"
[Exception... "Component returned failure code: 0x80070057 (NS_ERROR_ILLEGAL_VALUE) [nsIEventListenerService.getListenerInfoFor]"  nsresult: "0x80070057 (NS_ERROR_ILLEGAL_VALUE)"  location: "JS frame :: resource://devtools/server/actors/inspector/event-collector.js :: getDOMListeners :: line 267"  data: no]: getDOMListeners@resource://devtools/server/actors/inspector/event-collector.js:267:22
getListeners@resource://devtools/server/actors/inspector/event-collector.js:329:28
hasListeners@resource://devtools/server/actors/inspector/event-collector.js:228:17
hasEventListeners@resource://devtools/server/actors/inspector/event-collector.js:797:21
get _hasEventListeners@resource://devtools/server/actors/inspector/node.js:433:33
form@resource://devtools/server/actors/inspector/node.js:259:7
write@resource://devtools/shared/protocol/types.js:355:32
types.addArrayType/write/<@resource://devtools/shared/protocol/types.js:220:33
write@resource://devtools/shared/protocol/types.js:220:16
write@resource://devtools/shared/protocol/Request.js:113:22
write@resource://devtools/shared/protocol/Request.js:39:26
_sendEvent@resource://devtools/shared/protocol/Actor.js:66:24
initialize/<@resource://devtools/shared/protocol/Actor.js:46:16
emit@resource://devtools/shared/event-emitter.js:190:24
emit@resource://devtools/shared/event-emitter.js:271:18
_onReflows@resource://devtools/server/actors/inspector/walker.js:595:12
emit@resource://devtools/shared/event-emitter.js:190:24
emit@resource://devtools/shared/event-emitter.js:271:18
_startEventLoop@resource://devtools/server/actors/reflow.js:315:12
notify@resource://gre/modules/Timer.jsm:62:17

console.error: "Error while calling actor 'pagestyle's method 'isPositionEditable'" "can't access dead object"
console.error: "isPositionEditable@resource://devtools/server/actors/styles.js:599:9\nhandler@resource://devtools/shared/protocol/Actor.js:154:37\nonPacket@resource://devtools/server/main.js:1402:58\nreceiveMessage@resource://devtools/shared/transport/child-transport.js:66:16\n"
console.error: "Error while calling actor 'pagestyle's method 'getLayout'" "can't access dead object"
console.error: "getLayout@resource://devtools/server/actors/styles.js:921:24\nhandler@resource://devtools/shared/protocol/Actor.js:154:37\nonPacket@resource://devtools/server/main.js:1402:58\nreceiveMessage@resource://devtools/shared/transport/child-transport.js:66:16\n"
console.error: "Protocol error (unknownError): can't access dead object"
console.error: "Protocol error (unknownError): can't access dead object"
console.error: "Error while calling actor 'pagestyle's method 'getUsedFontFaces'" "can't access dead object"
console.error: "getUsedFontFaces@resource://devtools/server/actors/styles.js:376:29\nhandler@resource://devtools/shared/protocol/Actor.js:154:37\nonPacket@resource://devtools/server/main.js:1402:58\nreceiveMessage@resource://devtools/shared/transport/child-transport.js:66:16\n"
console.error: "Could not get the list of font families" "Protocol error (unknownError): can't access dead object"
1569934490114	Marionette	WARN	TimedPromise timed out after 500 ms: stacktrace:
bail@chrome://marionette/content/sync.js:237:64
openRemotePrompt@resource://gre/modules/Prompter.jsm:634:15
openPrompt@resource://gre/modules/Prompter.jsm:673:9
alert@resource://gre/modules/Prompter.jsm:747:10
popUpAlert@https://www.wjx.cn/joinnew/js/jqnew2.js?v=950:4:24005
PromoteUser@https://www.wjx.cn/joinnew/js/jqnew2.js?v=950:4:17883
validate@https://www.wjx.cn/joinnew/js/jqnew2.js?v=950:4:17074
submit@https://www.wjx.cn/joinnew/js/jqnew2.js?v=950:3:13940
Init/submit_button.onclick@https://www.wjx.cn/joinnew/js/jqnew2.js?v=950:1:7099
event.synthesizeMouseAtPoint@chrome://marionette/content/event.js:213:14
webdriverClickElement@chrome://marionette/content/interaction.js:192:11
1569934531498	Marionette	WARN	TimedPromise timed out after 500 ms: stacktrace:
bail@chrome://marionette/content/sync.js:237:64
openRemotePrompt@resource://gre/modules/Prompter.jsm:634:15
openPrompt@resource://gre/modules/Prompter.jsm:673:9
alert@resource://gre/modules/Prompter.jsm:747:10
popUpAlert@https://www.wjx.cn/joinnew/js/jqnew2.js?v=950:4:24005
afterSubmit@https://www.wjx.cn/joinnew/js/jqnew2.js?v=950:3:27800
submit/f.onreadystatechange@https://www.wjx.cn/joinnew/js/jqnew2.js?v=950:3:14952
submit@https://www.wjx.cn/joinnew/js/jqnew2.js?v=950:3:19528
Init/submit_button.onclick@https://www.wjx.cn/joinnew/js/jqnew2.js?v=950:1:7099
event.synthesizeMouseAtPoint@chrome://marionette/content/event.js:213:14
webdriverClickElement@chrome://marionette/content/interaction.js:192:11
console.error: "Error while calling actor 'pagestyle's method 'getLayout'" "node is null"
console.error: "getLayout@resource://devtools/server/actors/styles.js:914:5\nhandler@resource://devtools/shared/protocol/Actor.js:154:37\nonPacket@resource://devtools/server/main.js:1402:58\nreceiveMessage@resource://devtools/shared/transport/child-transport.js:66:16\n"
console.error: "Protocol error (unknownError): node is null"
1569934544925	Marionette	WARN	TimedPromise timed out after 500 ms: stacktrace:
bail@chrome://marionette/content/sync.js:237:64
openRemotePrompt@resource://gre/modules/Prompter.jsm:634:15
openPrompt@resource://gre/modules/Prompter.jsm:673:9
alert@resource://gre/modules/Prompter.jsm:747:10
popUpAlert@https://www.wjx.cn/joinnew/js/jqnew2.js?v=950:4:24005
afterSubmit@https://www.wjx.cn/joinnew/js/jqnew2.js?v=950:3:27800
submit/f.onreadystatechange@https://www.wjx.cn/joinnew/js/jqnew2.js?v=950:3:14952
submit@https://www.wjx.cn/joinnew/js/jqnew2.js?v=950:3:19528
Init/submit_button.onclick@https://www.wjx.cn/joinnew/js/jqnew2.js?v=950:1:7099
event.synthesizeMouseAtPoint@chrome://marionette/content/event.js:213:14
webdriverClickElement@chrome://marionette/content/interaction.js:192:11
1569934882685	mozrunner::runner	INFO	Running command: "D:\\Program Files (x86)\\Mozilla Firefox\\firefox.exe" "-marionette" "-foreground" "-no-remote" "-profile" "C:\\Users\\hp\\AppData\\Local\\Temp\\rust_mozprofile.Y9OQ8U47RKgP"
1569934883676	addons.webextension.screenshots@mozilla.org	WARN	Loading extension 'screenshots@mozilla.org': Reading manifest: Invalid extension permission: mozillaAddons
1569934883676	addons.webextension.screenshots@mozilla.org	WARN	Loading extension 'screenshots@mozilla.org': Reading manifest: Invalid extension permission: telemetry
1569934883676	addons.webextension.screenshots@mozilla.org	WARN	Loading extension 'screenshots@mozilla.org': Reading manifest: Invalid extension permission: resource://pdf.js/
1569934883676	addons.webextension.screenshots@mozilla.org	WARN	Loading extension 'screenshots@mozilla.org': Reading manifest: Invalid extension permission: about:reader*
JavaScript error: resource://gre/modules/XULStore.jsm, line 66: Error: Can't find profile directory.
1569934886240	Marionette	INFO	Listening on port 53057
1569934886550	Marionette	WARN	TLS certificate errors will be ignored for this session
1569934932575	Marionette	WARN	TimedPromise timed out after 500 ms: stacktrace:
bail@chrome://marionette/content/sync.js:237:64
openRemotePrompt@resource://gre/modules/Prompter.jsm:634:15
openPrompt@resource://gre/modules/Prompter.jsm:673:9
alert@resource://gre/modules/Prompter.jsm:747:10
popUpAlert@https://www.wjx.cn/joinnew/js/jqnew2.js?v=950:4:24005
afterSubmit@https://www.wjx.cn/joinnew/js/jqnew2.js?v=950:3:27800
submit/f.onreadystatechange@https://www.wjx.cn/joinnew/js/jqnew2.js?v=950:3:14952
submit@https://www.wjx.cn/joinnew/js/jqnew2.js?v=950:3:19528
Init/submit_button.onclick@https://www.wjx.cn/joinnew/js/jqnew2.js?v=950:1:7099
event.synthesizeMouseAtPoint@chrome://marionette/content/event.js:213:14
webdriverClickElement@chrome://marionette/content/interaction.js:192:11
1569935021183	Marionette	WARN	TimedPromise timed out after 500 ms: stacktrace:
bail@chrome://marionette/content/sync.js:237:64
1569935022237	Marionette	WARN	TimedPromise timed out after 500 ms: stacktrace:
bail@chrome://marionette/content/sync.js:237:64
1569935023040	Marionette	WARN	TimedPromise timed out after 500 ms: stacktrace:
bail@chrome://marionette/content/sync.js:237:64
1569935024276	Marionette	WARN	TimedPromise timed out after 500 ms: stacktrace:
bail@chrome://marionette/content/sync.js:237:64
1569935025286	Marionette	WARN	TimedPromise timed out after 500 ms: stacktrace:
bail@chrome://marionette/content/sync.js:237:64
1569935026263	Marionette	WARN	TimedPromise timed out after 500 ms: stacktrace:
bail@chrome://marionette/content/sync.js:237:64
1569935028155	Marionette	WARN	TimedPromise timed out after 500 ms: stacktrace:
bail@chrome://marionette/content/sync.js:237:64
console.error: "Error sending event: scrollable-change"
console.error: "[Exception... \"Component returned failure code: 0x80070057 (NS_ERROR_ILLEGAL_VALUE) [nsIEventListenerService.getListenerInfoFor]\"  nsresult: \"0x80070057 (NS_ERROR_ILLEGAL_VALUE)\"  location: \"JS frame :: resource://devtools/server/actors/inspector/event-collector.js :: getDOMListeners :: line 267\"  data: no]: getDOMListeners@resource://devtools/server/actors/inspector/event-collector.js:267:22\ngetListeners@resource://devtools/server/actors/inspector/event-collector.js:329:28\nhasListeners@resource://devtools/server/actors/inspector/event-collector.js:228:17\nhasEventListeners@resource://devtools/server/actors/inspector/event-collector.js:797:21\nget _hasEventListeners@resource://devtools/server/actors/inspector/node.js:433:33\nform@resource://devtools/server/actors/inspector/node.js:259:7\nwrite@resource://devtools/shared/protocol/types.js:355:32\ntypes.addArrayType/write/<@resource://devtools/shared/protocol/types.js:220:33\nwrite@resource://devtools/shared/protocol/types.js:220:16\nwrite@resource://devtools/shared/protocol/Request.js:113:22\nwrite@resource://devtools/shared/protocol/Request.js:39:26\n_sendEvent@resource://devtools/shared/protocol/Actor.js:66:24\ninitialize/<@resource://devtools/shared/protocol/Actor.js:46:16\nemit@resource://devtools/shared/event-emitter.js:190:24\nemit@resource://devtools/shared/event-emitter.js:271:18\n_onReflows@resource://devtools/server/actors/inspector/walker.js:595:12\nemit@resource://devtools/shared/event-emitter.js:190:24\nemit@resource://devtools/shared/event-emitter.js:271:18\n_startEventLoop@resource://devtools/server/actors/reflow.js:315:12\nnotify@resource://gre/modules/Timer.jsm:62:17\n"
[Exception... "Component returned failure code: 0x80070057 (NS_ERROR_ILLEGAL_VALUE) [nsIEventListenerService.getListenerInfoFor]"  nsresult: "0x80070057 (NS_ERROR_ILLEGAL_VALUE)"  location: "JS frame :: resource://devtools/server/actors/inspector/event-collector.js :: getDOMListeners :: line 267"  data: no]: getDOMListeners@resource://devtools/server/actors/inspector/event-collector.js:267:22
getListeners@resource://devtools/server/actors/inspector/event-collector.js:329:28
hasListeners@resource://devtools/server/actors/inspector/event-collector.js:228:17
hasEventListeners@resource://devtools/server/actors/inspector/event-collector.js:797:21
get _hasEventListeners@resource://devtools/server/actors/inspector/node.js:433:33
form@resource://devtools/server/actors/inspector/node.js:259:7
write@resource://devtools/shared/protocol/types.js:355:32
types.addArrayType/write/<@resource://devtools/shared/protocol/types.js:220:33
write@resource://devtools/shared/protocol/types.js:220:16
write@resource://devtools/shared/protocol/Request.js:113:22
write@resource://devtools/shared/protocol/Request.js:39:26
_sendEvent@resource://devtools/shared/protocol/Actor.js:66:24
initialize/<@resource://devtools/shared/protocol/Actor.js:46:16
emit@resource://devtools/shared/event-emitter.js:190:24
emit@resource://devtools/shared/event-emitter.js:271:18
_onReflows@resource://devtools/server/actors/inspector/walker.js:595:12
emit@resource://devtools/shared/event-emitter.js:190:24
emit@resource://devtools/shared/event-emitter.js:271:18
_startEventLoop@resource://devtools/server/actors/reflow.js:315:12
notify@resource://gre/modules/Timer.jsm:62:17

console.error: "Error while calling actor 'pagestyle's method 'getLayout'" "style is null"
console.error: "getLayout@resource://devtools/server/actors/styles.js:951:7\nhandler@resource://devtools/shared/protocol/Actor.js:154:37\nonPacket@resource://devtools/server/main.js:1402:58\nreceiveMessage@resource://devtools/shared/transport/child-transport.js:66:16\n"
console.error: "Protocol error (unknownError): style is null"
console.error: "Error while calling actor 'pagestyle's method 'isPositionEditable'" "can't access dead object"
console.error: "isPositionEditable@resource://devtools/server/actors/styles.js:599:9\nhandler@resource://devtools/shared/protocol/Actor.js:154:37\nonPacket@resource://devtools/server/main.js:1402:58\nreceiveMessage@resource://devtools/shared/transport/child-transport.js:66:16\n"
console.error: "Protocol error (unknownError): can't access dead object"
console.error: "Error while calling actor 'pagestyle's method 'getUsedFontFaces'" "can't access dead object"
console.error: "getUsedFontFaces@resource://devtools/server/actors/styles.js:376:29\nhandler@resource://devtools/shared/protocol/Actor.js:154:37\nonPacket@resource://devtools/server/main.js:1402:58\nreceiveMessage@resource://devtools/shared/transport/child-transport.js:66:16\n"
console.error: "Could not get the list of font families" "Protocol error (unknownError): can't access dead object"
console.error: "Error while calling actor 'pagestyle's method 'getLayout'" "can't access dead object"
console.error: "getLayout@resource://devtools/server/actors/styles.js:921:24\nhandler@resource://devtools/shared/protocol/Actor.js:154:37\nonPacket@resource://devtools/server/main.js:1402:58\nreceiveMessage@resource://devtools/shared/transport/child-transport.js:66:16\n"
console.error: "Protocol error (unknownError): can't access dead object"
1569935032820	Marionette	WARN	TimedPromise timed out after 500 ms: stacktrace:
bail@chrome://marionette/content/sync.js:237:64
1569935034010	Marionette	WARN	TimedPromise timed out after 500 ms: stacktrace:
bail@chrome://marionette/content/sync.js:237:64
console.error: "Error while calling actor 'pagestyle's method 'getUsedFontFaces'" "node is null"
console.error: "getUsedFontFaces@resource://devtools/server/actors/styles.js:375:24\nhandler@resource://devtools/shared/protocol/Actor.js:154:37\nonPacket@resource://devtools/server/main.js:1402:58\nreceiveMessage@resource://devtools/shared/transport/child-transport.js:66:16\n"
console.error: "Could not get the list of font families" "Protocol error (unknownError): node is null"
console.error: "stylesheets actor: fetch failed for https://www.wjx.cn/joinnew/css/newsolid_114.css, using system principal instead."
console.error: "Error while calling actor 'pagestyle's method 'getUsedFontFaces'" "node is null"
console.error: "getUsedFontFaces@resource://devtools/server/actors/styles.js:375:24\nhandler@resource://devtools/shared/protocol/Actor.js:154:37\nonPacket@resource://devtools/server/main.js:1402:58\nreceiveMessage@resource://devtools/shared/transport/child-transport.js:66:16\n"
console.error: "Could not get the list of font families" "Protocol error (unknownError): node is null"
1569935126922	Marionette	WARN	TimedPromise timed out after 500 ms: stacktrace:
bail@chrome://marionette/content/sync.js:237:64
openRemotePrompt@resource://gre/modules/Prompter.jsm:634:15
openPrompt@resource://gre/modules/Prompter.jsm:673:9
alert@resource://gre/modules/Prompter.jsm:747:10
popUpAlert@https://www.wjx.cn/joinnew/js/jqnew2.js?v=950:4:24005
afterSubmit@https://www.wjx.cn/joinnew/js/jqnew2.js?v=950:3:27800
submit/f.onreadystatechange@https://www.wjx.cn/joinnew/js/jqnew2.js?v=950:3:14952
submit@https://www.wjx.cn/joinnew/js/jqnew2.js?v=950:3:19528
Init/submit_button.onclick@https://www.wjx.cn/joinnew/js/jqnew2.js?v=950:1:7099
event.synthesizeMouseAtPoint@chrome://marionette/content/event.js:213:14
webdriverClickElement@chrome://marionette/content/interaction.js:192:11
console.error: "Error while calling actor 'pagestyle's method 'getUsedFontFaces'" "node is null"
console.error: "getUsedFontFaces@resource://devtools/server/actors/styles.js:375:24\nhandler@resource://devtools/shared/protocol/Actor.js:154:37\nonPacket@resource://devtools/server/main.js:1402:58\nreceiveMessage@resource://devtools/shared/transport/child-transport.js:66:16\n"
console.error: "Could not get the list of font families" "Protocol error (unknownError): node is null"
1569935235844	Marionette	WARN	TimedPromise timed out after 500 ms: stacktrace:
bail@chrome://marionette/content/sync.js:237:64
openRemotePrompt@resource://gre/modules/Prompter.jsm:634:15
openPrompt@resource://gre/modules/Prompter.jsm:673:9
alert@resource://gre/modules/Prompter.jsm:747:10
popUpAlert@https://www.wjx.cn/joinnew/js/jqnew2.js?v=950:4:24005
afterSubmit@https://www.wjx.cn/joinnew/js/jqnew2.js?v=950:3:27800
submit/f.onreadystatechange@https://www.wjx.cn/joinnew/js/jqnew2.js?v=950:3:14952
submit@https://www.wjx.cn/joinnew/js/jqnew2.js?v=950:3:19528
Init/submit_button.onclick@https://www.wjx.cn/joinnew/js/jqnew2.js?v=950:1:7099
event.synthesizeMouseAtPoint@chrome://marionette/content/event.js:213:14
webdriverClickElement@chrome://marionette/content/interaction.js:192:11
1569935244413	Marionette	WARN	TimedPromise timed out after 500 ms: stacktrace:
bail@chrome://marionette/content/sync.js:237:64
submit@https://www.wjx.cn/joinnew/js/jqnew2.js?v=950:3:19528
Init/submit_button.onclick@https://www.wjx.cn/joinnew/js/jqnew2.js?v=950:1:7099
event.synthesizeMouseAtPoint@chrome://marionette/content/event.js:213:14
webdriverClickElement@chrome://marionette/content/interaction.js:192:11
1569935262272	Marionette	WARN	TimedPromise timed out after 500 ms: stacktrace:
bail@chrome://marionette/content/sync.js:237:64
submit@https://www.wjx.cn/joinnew/js/jqnew2.js?v=950:3:19528
Init/submit_button.onclick@https://www.wjx.cn/joinnew/js/jqnew2.js?v=950:1:7099
event.synthesizeMouseAtPoint@chrome://marionette/content/event.js:213:14
webdriverClickElement@chrome://marionette/content/interaction.js:192:11
[Parent 2400, Gecko_IOThread] WARNING: pipe error: 109: file z:/task_1568728986/build/src/ipc/chromium/src/chrome/common/ipc_channel_win.cc, line 341
[Parent 2400, Gecko_IOThread] WARNING: pipe error: 109: file z:/task_15687289861569935400199	addons.webextension.screenshots@mozilla.org	WARN	Loading extension 'screenshots@mozilla.org': Reading manifest: Invalid extension permission: mozillaAddons
1569935400199	addons.webextension.screenshots@mozilla.org	WARN	Loading extension 'screenshots@mozilla.org': Reading manifest: Invalid extension permission: telemetry
1569935400199	addons.webextension.screenshots@mozilla.org	WARN	Loading extension 'screenshots@mozilla.org': Reading manifest: Invalid extension permission: resource://pdf.js/
1569935400199	addons.webextension.screenshots@mozilla.org	WARN	Loading extension 'screenshots@mozilla.org': Reading manifest: Invalid extension permission: about:reader*
JavaScript error: resource://gre/modules/XULStore.jsm, line 66: Error: Can't find profile directory.
1569935403147	Marionette	INFO	Listening on port 53444
1569935403546	Marionette	WARN	TLS certificate errors will be ignored for this session
1569935415118	Marionette	WARN	TimedPromise timed out after 500 ms: stacktrace:
bail@chrome://marionette/content/sync.js:237:64
openRemotePrompt@resource://gre/modules/Prompter.jsm:634:15
openPrompt@resource://gre/modules/Prompter.jsm:673:9
alert@resource://gre/modules/Prompter.jsm:747:10
popUpAlert@https://www.wjx.cn/joinnew/js/jqnew2.js?v=950:4:24005
afterSubmit@https://www.wjx.cn/joinnew/js/jqnew2.js?v=950:3:27800
submit/f.onreadystatechange@https://www.wjx.cn/joinnew/js/jqnew2.js?v=950:3:14952
submit@https://www.wjx.cn/joinnew/js/jqnew2.js?v=950:3:19528
Init/submit_button.onclick@https://www.wjx.cn/joinnew/js/jqnew2.js?v=950:1:7099
event.synthesizeMouseAtPoint@chrome://marionette/content/event.js:213:14
webdriverClickElement@chrome://marionette/content/interaction.js:192:11
1569935453086	Marionette	WARN	TimedPromise timed out after 500 ms: stacktrace:
bail@chrome://marionette/content/sync.js:237:64
openRemotePrompt@resource://gre/modules/Prompter.jsm:634:15
openPrompt@resource://gre/modules/Prompter.jsm:673:9
alert@resource://gre/modules/Prompter.jsm:747:10
popUpAlert@https://www.wjx.cn/joinnew/js/jqnew2.js?v=950:4:24005
afterSubmit@https://www.wjx.cn/joinnew/js/jqnew2.js?v=950:3:27800
submit/f.onreadystatechange@https://www.wjx.cn/joinnew/js/jqnew2.js?v=950:3:14952
submit@https://www.wjx.cn/joinnew/js/jqnew2.js?v=950:3:19528
Init/submit_button.onclick@https://www.wjx.cn/joinnew/js/jqnew2.js?v=950:1:7099
event.synthesizeMouseAtPoint@chrome://marionette/content/event.js:213:14
webdriverClickElement@chrome://marionette/content/interaction.js:192:11
1569935463411	Marionette	WARN	TimedPromise timed out after 500 ms: stacktrace:
bail@chrome://marionette/content/sync.js:237:64
openRemotePrompt@resource://gre/modules/Prompter.jsm:634:15
openPrompt@resource://gre/modules/Prompter.jsm:673:9
alert@resource://gre/modules/Prompter.jsm:747:10
popUpAlert@https://www.wjx.cn/joinnew/js/jqnew2.js?v=950:4:24005
afterSubmit@https://www.wjx.cn/joinnew/js/jqnew2.js?v=950:3:27800
submit/f.onreadystatechange@https://www.wjx.cn/joinnew/js/jqnew2.js?v=950:3:14952
submit@https://www.wjx.cn/joinnew/js/jqnew2.js?v=950:3:19528
Init/submit_button.onclick@https://www.wjx.cn/joinnew/js/jqnew2.js?v=950:1:7099
event.synthesizeMouseAtPoint@chrome://marionette/content/event.js:213:14
webdriverClickElement@chrome://marionette/content/interaction.js:192:11
console.error: "TypeError: currentNode is null: canMutationImpactCurrentStyles@resource://devtools/client/inspector/shared/style-change-tracker.js:64:20\nonMutations@resource://devtools/client/inspector/shared/style-change-tracker.js:82:11\nemit@resource://devtools/shared/event-emitter.js:190:24\nemit@resource://devtools/shared/event-emitter.js:271:18\ngetMutations/<@resource://devtools/shared/fronts/inspector.js:429:12\n"
TypeError: currentNode is null: canMutationImpactCurrentStyles@resource://devtools/client/inspector/shared/style-change-tracker.js:64:20
onMutations@resource://devtools/client/inspector/shared/style-change-tracker.js:82:11
emit@resource://devtools/shared/event-emitter.js:190:24
emit@resource://devtools/shared/event-emitter.js:271:18
getMutations/<@resource://devtools/shared/fronts/inspector.js:429:12

1569935474730	Marionette	WARN	TimedPromise timed out after 500 ms: stacktrace:
bail@chrome://marionette/content/sync.js:237:64
openRemotePrompt@resource://gre/modules/Prompter.jsm:634:15
openPrompt@resource://gre/modules/Prompter.jsm:673:9
alert@resource://gre/modules/Prompter.jsm:747:10
popUpAlert@https://www.wjx.cn/joinnew/js/jqnew2.js?v=950:4:24005
afterSubmit@https://www.wjx.cn/joinnew/js/jqnew2.js?v=950:3:27800
submit/f.onreadystatechange@https://www.wjx.cn/joinnew/js/jqnew2.js?v=950:3:14952
submit@https://www.wjx.cn/joinnew/js/jqnew2.js?v=950:3:19528
Init/submit_button.onclick@https://www.wjx.cn/joinnew/js/jqnew2.js?v=950:1:7099
event.synthesizeMouseAtPoint@chrome://marionette/content/event.js:213:14
webdriverClickElement@chrome://marionette/content/interaction.js:192:11
1569935487123	Marionette	WARN	TimedPromise timed out after 500 ms: stacktrace:
bail@chrome://marionette/content/sync.js:237:64
openRemotePrompt@resource://gre/modules/Prompter.jsm:634:15
openPrompt@resource://gre/modules/Prompter.jsm:673:9
alert@resource://gre/modules/Prompter.jsm:747:10
popUpAlert@https://www.wjx.cn/joinnew/js/jqnew2.js?v=950:4:24005
afterSubmit@https://www.wjx.cn/joinnew/js/jqnew2.js?v=950:3:27800
submit/f.onreadystatechange@https://www.wjx.cn/joinnew/js/jqnew2.js?v=950:3:14952
submit@https://www.wjx.cn/joinnew/js/jqnew2.js?v=950:3:19528
Init/submit_button.onclick@https://www.wjx.cn/joinnew/js/jqnew2.js?v=950:1:7099
event.synthesizeMouseAtPoint@chrome://marionette/content/event.js:213:14
webdriverClickElement@chrome://marionette/content/interaction.js:192:11
1569935558218	mozrunner::runner	INFO	Running command: "D:\\Program Files (x86)\\Mozilla Firefox\\firefox.exe" "-marionette" "-foreground" "-no-remote" "-profile" "C:\\Users\\hp\\AppData\\Local\\Temp\\rust_mozprofile.YjNq0FhKCioA"
1569935559255	addons.webextension.screenshots@mozilla.org	WARN	Loading extension 'screenshots@mozilla.org': Reading manifest: Invalid extension permission: mozillaAddons
1569935559256	addons.webextension.screenshots@mozilla.org	WARN	Loading extension 'screenshots@mozilla.org': Reading manifest: Invalid extension permission: telemetry
1569935559256	addons.webextension.screenshots@mozilla.org	WARN	Loading extension 'screenshots@mozilla.org': Reading manifest: Invalid extension permission: resource://pdf.js/
1569935559256	addons.webextension.screenshots@mozilla.org	WARN	Loading extension 'screenshots@mozilla.org': Reading manifest: Invalid extension permission: about:reader*
JavaScript error: resource://gre/modules/XULStore.jsm, line 66: Error: Can't find profile directory.
1569935561895	Marionette	INFO	Listening on port 53575
1569935562111	Marionette	WARN	TLS certificate errors will be ignored for this session
1569935574802	Marionette	WARN	TimedPromise timed out after 500 ms: stacktrace:
bail@chrome://marionette/content/sync.js:237:64
openRemotePrompt@resource://gre/modules/Prompter.jsm:634:15
openPrompt@resource://gre/modules/Prompter.jsm:673:9
alert@resource://gre/modules/Prompter.jsm:747:10
popUpAlert@https://www.wjx.cn/joinnew/js/jqnew2.js?v=950:4:24005
afterSubmit@https://www.wjx.cn/joinnew/js/jqnew2.js?v=950:3:27800
submit/f.onreadystatechange@https://www.wjx.cn/joinnew/js/jqnew2.js?v=950:3:14952
submit@https://www.wjx.cn/joinnew/js/jqnew2.js?v=950:3:19528
Init/submit_button.onclick@https://www.wjx.cn/joinnew/js/jqnew2.js?v=950:1:7099
event.synthesizeMouseAtPoint@chrome://marionette/content/event.js:213:14
webdriverClickElement@chrome://marionette/content/interaction.js:192:11
1569935714658	mozrunner::runner	INFO	Running command: "D:\\Program Files (x86)\\Mozilla Firefox\\firefox.exe" "-marionette" "-foreground" "-no-remote" "-profile" "C:\\Users\\hp\\AppData\\Local\\Temp\\rust_mozprofile.x2a1xDitb1oy"
1569935715713	addons.webextension.screenshots@mozilla.org	WARN	Loading extension 'screenshots@mozilla.org': Reading manifest: Invalid extension permission: mozillaAddons
1569935715713	addons.webextension.screenshots@mozilla.org	WARN	Loading extension 'screenshots@mozilla.org': Reading manifest: Invalid extension permission: telemetry
1569935715714	addons.webextension.screenshots@mozilla.org	WARN	Loading extension 'screenshots@mozilla.org': Reading manifest: Invalid extension permission: resource://pdf.js/
1569935715714	addons.webextension.screenshots@mozilla.org	WARN	Loading extension 'screenshots@mozilla.org': Reading manifest: Invalid extension permission: about:reader*
JavaScript error: resource://gre/modules/XULStore.jsm, line 66: Error: Can't find profile directory.
1569935718439	Marionette	INFO	Listening on port 53655
1569935718549	Marionette	WARN	TLS certificate errors will be ignored for this session
1569935991913	Marionette	WARN	TimedPromise timed out after 500 ms: stacktrace:
bail@chrome://marionette/content/sync.js:237:64
openRemotePrompt@resource://gre/modules/Prompter.jsm:634:15
openPrompt@resource://gre/modules/Prompter.jsm:673:9
alert@resource://gre/modules/Prompter.jsm:747:10
popUpAlert@https://www.wjx.cn/joinnew/js/jqnew2.js?v=950:4:24005
afterSubmit@https://www.wjx.cn/joinnew/js/jqnew2.js?v=950:3:27800
submit/f.onreadystatechange@https://www.wjx.cn/joinnew/js/jqnew2.js?v=950:3:14952
submit@https://www.wjx.cn/joinnew/js/jqnew2.js?v=950:3:19528
Init/submit_button.onclick@https://www.wjx.cn/joinnew/js/jqnew2.js?v=950:1:7099
event.synthesizeMouseAtPoint@chrome://marionette/content/event.js:213:14
webdriverClickElement@chrome://marionette/content/interaction.js:192:11
1569936056708	Marionette	WARN	TimedPromise timed out after 500 ms: stacktrace:
bail@chrome://marionette/content/sync.js:237:64
openRemotePrompt@resource://gre/modules/Prompter.jsm:634:15
openPrompt@resource://gre/modules/Prompter.jsm:673:9
alert@resource://gre/modules/Prompter.jsm:747:10
popUpAlert@https://www.wjx.cn/joinnew/js/jqnew2.js?v=950:4:24005
afterSubmit@https://www.wjx.cn/joinnew/js/jqnew2.js?v=950:3:27800
submit/f.onreadystatechange@https://www.wjx.cn/joinnew/js/jqnew2.js?v=950:3:14952
submit@https://www.wjx.cn/joinnew/js/jqnew2.js?v=950:3:19528
Init/submit_button.onclick@https://www.wjx.cn/joinnew/js/jqnew2.js?v=950:1:7099
event.synthesizeMouseAtPoint@chrome://marionette/content/event.js:213:14
webdriverClickElement@chrome://marionette/content/interaction.js:192:11
1569936483234	Marionette	WARN	TimedPromise timed out after 500 ms: stacktrace:
bail@chrome://marionette/content/sync.js:237:64
openRemotePrompt@resource://gre/modules/Prompter.jsm:634:15
openPrompt@resource://gre/modules/Prompter.jsm:673:9
alert@resource://gre/modules/Prompter.jsm:747:10
popUpAlert@https://www.wjx.cn/joinnew/js/jqnew2.js?v=950:4:24005
afterSubmit@https://www.wjx.cn/joinnew/js/jqnew2.js?v=950:3:27800
submit/f.onreadystatechange@https://www.wjx.cn/joinnew/js/jqnew2.js?v=950:3:14952
submit@https://www.wjx.cn/joinnew/js/jqnew2.js?v=950:3:19528
Init/submit_button.onclick@https://www.wjx.cn/joinnew/js/jqnew2.js?v=950:1:7099
event.synthesizeMouseAtPoint@chrome://marionette/content/event.js:213:14
webdriverClickElement@chrome://marionette/content/interaction.js:192:11
[Child 12656, Chrome_ChildThread] WARNING: pipe error: 109: file z:/task_1568728986/build/src/ipc/chromium/src/chrome/common/ipc_channel_win.cc, line 341
[Child 12656, Chrome_ChildThread] WARNING: pipe error: 109: file z:/task_1568728986/[Child 4032, Chrome_ChildThread] WARNING: pipe error: 109: file z:/task_1568728986/build/src/ipc/chromium/src/chrome/common/ipc_channel_win.cc, line 341
[Child 4032, Chrome_ChildThread] WARNING: pipe error: 109: file z:/task_1568728986/build/src/ipc/chromium/src/chrome/common/ipc_channel_win.cc, line 341
1569937054159	Marionette	INFO	Stopped listening on port 53655

###!!! [Child][RunMessage] Error: Channel closing: too late to send/recv, messages will be lost


###!!! [Child][MessageChannel::SendAndWait] Error: Channel error: cannot send/recv

1569937060075	mozrunner::runner	INFO	Running command: "D:\\Program Files (x86)\\Mozilla Firefox\\firefox.exe" "-marionette" "-foreground" "-no-remote" "-profile" "C:\\Users\\hp\\AppData\\Local\\Temp\\rust_mozprofile.xFAHtGX1JIWh"
1569937061216	addons.webextension.screenshots@mozilla.org	WARN	Loading extension 'screenshots@mozilla.org': Reading manifest: Invalid extension permission: mozillaAddons
1569937061216	addons.webextension.screenshots@mozilla.org	WARN	Loading extension 'screenshots@mozilla.org': Reading manifest: Invalid extension permission: telemetry
1569937061216	addons.webextension.screenshots@mozilla.org	WARN	Loading extension 'screenshots@mozilla.org': Reading manifest: Invalid extension permission: resource://pdf.js/
1569937061216	addons.webextension.screenshots@mozilla.org	WARN	Loading extension 'screenshots@mozilla.org': Reading manifest: Invalid extension permission: about:reader*
JavaScript error: resource://gre/modules/XULStore.jsm, line 66: Error: Can't find profile directory.
1569937064128	Marionette	INFO	Listening on port 54421
1569937064429	Marionette	WARN	TLS certificate errors will be ignored for this session
1569937508557	Marionette	WARN	TimedPromise timed out after 500 ms: stacktrace:
bail@chrome://marionette/content/sync.js:237:64
openRemotePrompt@resource://gre/modules/Prompter.jsm:634:15
openPrompt@resource://gre/modules/Prompter.jsm:673:9
alert@resource://gre/modules/Prompter.jsm:747:10
popUpAlert@https://www.wjx.cn/joinnew/js/jqnew2.js?v=950:4:24005
afterSubmit@https://www.wjx.cn/joinnew/js/jqnew2.js?v=950:3:27800
submit/f.onreadystatechange@https://www.wjx.cn/joinnew/js/jqnew2.js?v=950:3:14952
submit@https://www.wjx.cn/joinnew/js/jqnew2.js?v=950:3:19528
Init/submit_button.onclick@https://www.wjx.cn/joinnew/js/jqnew2.js?v=950:1:7099
event.synthesizeMouseAtPoint@chrome://marionette/content/event.js:213:14
webdriverClickElement@chrome://marionette/content/interaction.js:192:11
1569937637741	Marionette	WARN	TimedPromise timed out after 500 ms: stacktrace:
bail@chrome://marionette/content/sync.js:237:64
openRemotePrompt@resource://gre/modules/Prompter.jsm:634:15
openPrompt@resource://gre/modules/Prompter.jsm:673:9
alert@resource://gre/modules/Prompter.jsm:747:10
popUpAlert@https://www.wjx.cn/joinnew/js/jqnew2.js?v=950:4:24005
afterSubmit@https://www.wjx.cn/joinnew/js/jqnew2.js?v=950:3:27800
submit/f.onreadystatechange@https://www.wjx.cn/joinnew/js/jqnew2.js?v=950:3:14952
submit@https://www.wjx.cn/joinnew/js/jqnew2.js?v=950:3:19528
Init/submit_button.onclick@https://www.wjx.cn/joinnew/js/jqnew2.js?v=950:1:7099
event.synthesizeMouseAtPoint@chrome://marionette/content/event.js:213:14
webdriverClickElement@chrome://marionette/content/interaction.js:192:11
1569937675122	Marionette	WARN	TimedPromise timed out after 500 ms: stacktrace:
bail@chrome://marionette/content/sync.js:237:64
1569937679648	Marionette	WARN	TimedPromise timed out after 500 ms: stacktrace:
bail@chrome://marionette/content/sync.js:237:64
1569937680834	Marionette	WARN	TimedPromise timed out after 500 ms: stacktrace:
bail@chrome://marionette/content/sync.js:237:64
1569937681865	Marionette	WARN	TimedPromise timed out after 500 ms: stacktrace:
bail@chrome://marionette/content/sync.js:237:64
1569937682855	Marionette	WARN	TimedPromise timed out after 500 ms: stacktrace:
bail@chrome://marionette/content/sync.js:237:64
1569937683867	Marionette	WARN	TimedPromise timed out after 500 ms: stacktrace:
bail@chrome://marionette/content/sync.js:237:64
1569937684655	Marionette	WARN	TimedPromise timed out after 500 ms: stacktrace:
bail@chrome://marionette/content/sync.js:237:64
1569937685914	Marionette	WARN	TimedPromise timed out after 500 ms: stacktrace:
bail@chrome://marionette/content/sync.js:237:64
1569937686886	Marionette	WARN	TimedPromise timed out after 500 ms: stacktrace:
bail@chrome://marionette/content/sync.js:237:64
1569937688735	Marionette	WARN	TimedPromise timed out after 500 ms: stacktrace:
bail@chrome://marionette/content/sync.js:237:64
1569937693333	Marionette	WARN	TimedPromise timed out after 500 ms: stacktrace:
bail@chrome://marionette/content/sync.js:237:64
1569937694541	Marionette	WARN	TimedPromise timed out after 500 ms: stacktrace:
bail@chrome://marionette/content/sync.js:237:64
1569937695540	Marionette	WARN	TimedPromise timed out after 500 ms: stacktrace:
bail@chrome://marionette/content/sync.js:237:64
1569937696561	Marionette	WARN	TimedPromise timed out after 500 ms: stacktrace:
bail@chrome://marionette/content/sync.js:237:64
1569937697553	Marionette	WARN	TimedPromise timed out after 500 ms: stacktrace:
bail@chrome://marionette/content/sync.js:237:64
1569937698542	Marionette	WARN	TimedPromise timed out after 500 ms: stacktrace:
bail@chrome://marionette/content/sync.js:237:64
1569937699627	Marionette	WARN	TimedPromise timed out after 500 ms: stacktrace:
bail@chrome://marionette/content/sync.js:237:64
1569937701465	Marionette	WARN	TimedPromise timed out after 500 ms: stacktrace:
bail@chrome://marionette/content/sync.js:237:64
1569937705947	Marionette	WARN	TimedPromise timed out after 500 ms: stacktrace:
bail@chrome://marionette/content/sync.js:237:64
1569937707152	Marionette	WARN	TimedPromise timed out after 500 ms: stacktrace:
bail@chrome://marionette/content/sync.js:237:64
1569937708145	Marionette	WARN	TimedPromise timed out after 500 ms: stacktrace:
bail@chrome://marionette/content/sync.js:237:64
1569937709147	Marionette	WARN	TimedPromise timed out after 500 ms: stacktrace:
bail@chrome://marionette/content/sync.js:237:64
1569937710156	Marionette	WARN	TimedPromise timed out after 500 ms: stacktrace:
bail@chrome://marionette/content/sync.js:237:64
1569937710878	Marionette	WARN	TimedPromise timed out after 500 ms: stacktrace:
bail@chrome://marionette/content/sync.js:237:64
1569937712296	Marionette	WARN	TimedPromise timed out after 500 ms: stacktrace:
bail@chrome://marionette/content/sync.js:237:64
1569937713262	Marionette	WARN	TimedPromise timed out after 500 ms: stacktrace:
bail@chrome://marionette/content/sync.js:237:64
1569937756935	Marionette	WARN	TimedPromise timed out after 500 ms: stacktrace:
bail@chrome://marionette/content/sync.js:237:64
1569937761385	Marionette	WARN	TimedPromise timed out after 500 ms: stacktrace:
bail@chrome://marionette/content/sync.js:237:64
1569937762592	Marionette	WARN	TimedPromise timed out after 500 ms: stacktrace:
bail@chrome://marionette/content/sync.js:237:64
1569937763603	Marionette	WARN	TimedPromise timed out after 500 ms: stacktrace:
bail@chrome://marionette/content/sync.js:237:64
1569937764620	Marionette	WARN	TimedPromise timed out after 500 ms: stacktrace:
bail@chrome://marionette/content/sync.js:237:64
1569937765626	Marionette	WARN	TimedPromise timed out after 500 ms: stacktrace:
bail@chrome://marionette/content/sync.js:237:64
1569937816190	Marionette	WARN	TimedPromise timed out after 500 ms: stacktrace:
bail@chrome://marionette/content/sync.js:237:64
openRemotePrompt@resource://gre/modules/Prompter.jsm:634:15
openPrompt@resource://gre/modules/Prompter.jsm:673:9
alert@resource://gre/modules/Prompter.jsm:747:10
popUpAlert@https://www.wjx.cn/joinnew/js/jqnew2.js?v=950:4:24005
afterSubmit@https://www.wjx.cn/joinnew/js/jqnew2.js?v=950:3:27800
submit/f.onreadystatechange@https://www.wjx.cn/joinnew/js/jqnew2.js?v=950:3:14952
submit@https://www.wjx.cn/joinnew/js/jqnew2.js?v=950:3:19528
Init/submit_button.onclick@https://www.wjx.cn/joinnew/js/jqnew2.js?v=950:1:7099
event.synthesizeMouseAtPoint@chrome://marionette/content/event.js:213:14
webdriverClickElement@chrome://marionette/content/interaction.js:192:11
1569937822229	Marionette	WARN	TimedPromise timed out after 500 ms: stacktrace:
bail@chrome://marionette/content/sync.js:237:64
1569937823281	Marionette	WARN	TimedPromise timed out after 500 ms: stacktrace:
bail@chrome://marionette/content/sync.js:237:64
1569937824282	Marionette	WARN	TimedPromise timed out after 500 ms: stacktrace:
bail@chrome://marionette/content/sync.js:237:64
1569937831194	Marionette	WARN	TimedPromise timed out after 500 ms: stacktrace:
bail@chrome://marionette/content/sync.js:237:64
1569937835589	Marionette	WARN	TimedPromise timed out after 500 ms: stacktrace:
bail@chrome://marionette/content/sync.js:237:64
1569937836790	Marionette	WARN	TimedPromise timed out after 500 ms: stacktrace:
bail@chrome://marionette/content/sync.js:237:64
1569937837817	Marionette	WARN	TimedPromise timed out after 500 ms: stacktrace:
bail@chrome://marionette/content/sync.js:237:64
1569937838795	Marionette	WARN	TimedPromise timed out after 500 ms: stacktrace:
bail@chrome://marionette/content/sync.js:237:64
1569937839787	Marionette	WARN	TimedPromise timed out after 500 ms: stacktrace:
bail@chrome://marionette/content/sync.js:237:64
1569937840793	Marionette	WARN	TimedPromise timed out after 500 ms: stacktrace:
bail@chrome://marionette/content/sync.js:237:64
1569937841794	Marionette	WARN	TimedPromise timed out after 500 ms: stacktrace:
bail@chrome://marionette/content/sync.js:237:64
1569937843717	Marionette	WARN	TimedPromise timed out after 500 ms: stacktrace:
bail@chrome://marionette/content/sync.js:237:64
1569938143950	Marionette	INFO	Stopped listening on port 54421
[Parent 5564, Gecko_IOThread] WARNING: pipe error: 109: file z:/task_1568728986/build/src/ipc/chromium/src/chrome/common/ipc_channel_win.cc, line 341
[Child 9404, Chrome_ChildThread] WARNING: pipe error: 109: file z:/task_1568728986/build/src/ipc/chromium/src/chrome/common/ipc_channel_win.cc, line 341
[Child JavaScript error: resource:///modules/WindowsJumpLists.jsm, line 315: TypeError: this._builder is undefined
[Parent 5564, Gecko_IOThread] WARNING: pipe error: 109: file z:/task_1568728986/build/src/ipc/chromium/src/chrome/common/ipc_channel_win.cc, line 341
[Child 316, Chrome_ChildThread] WARNING: pipe error: 109: file z:/task_1568728986/build/src/ipc/chromium/src/chrome/common/ipc_channel_win.cc, line 341
[Child 316, Chrome_ChildThread] WARNING: pipe error: 109: file z:/task_1568728986/build/src/ipc/chromium/src/chrome/common/ipc_channel_win.cc, line 341
[Parent 5564, Gecko_IOThread] WARNING: pipe error: 109: file z:/task_1568728986/build/src/ipc/chromium/src/chrome/common/ipc_channel_win.cc, line 341
[Child 11104, Chrome_ChildThread] WARNING: pipe error: 109: file z:/task_1568728986/build/src/ipc/chromium/src/chrome/common/ipc_channel_win.cc, line 341
[Child 11104, Chrome_ChildThread] WARNING: pipe error
###!!! [Child][MessageChannel::SendAndWait] Error: Channel error: cannot send/recv

1570100797121	mozrunner::runner	INFO	Running command: "D:\\Program Files (x86)\\Mozilla Firefox\\firefox.exe" "-marionette" "-foreground" "-no-remote" "-profile" "C:\\Users\\hp\\AppData\\Local\\Temp\\rust_mozprofile.lfdKwds9ae9b"
1570100798816	addons.webextension.screenshots@mozilla.org	WARN	Loading extension 'screenshots@mozilla.org': Reading manifest: Invalid extension permission: mozillaAddons
1570100798816	addons.webextension.screenshots@mozilla.org	WARN	Loading extension 'screenshots@mozilla.org': Reading manifest: Invalid extension permission: telemetry
1570100798816	addons.webextension.screenshots@mozilla.org	WARN	Loading extension 'screenshots@mozilla.org': Reading manifest: Invalid extension permission: resource://pdf.js/
1570100798816	addons.webextension.screenshots@mozilla.org	WARN	Loading extension 'screenshots@mozilla.org': Reading manifest: Invalid extension permission: about:reader*
JavaScript error: resource://gre/modules/XULStore.jsm, line 66: Error: Can't find profile directory.
1570100802685	Marionette	INFO	Listening on port 50195
1570100802828	Marionette	WARN	TLS certificate errors will be ignored for this session
JavaScript error: resource://gre/modules/XULStore.jsm, line 66: Error: Can't find profile directory.
[Child 8400, Chrome_ChildThread] WARNING: pipe error: 109: file z:/task_1568728986/build/src/ipc/chromium/src/chrome/common/ipc_channel_win.cc, line 341
[Child 8400, Chrome_ChildThread] WARNING: pipe error: 109: [Child 6528, Chrome_ChildThread] WARNING: pipe error: 109: file z:/task_1568728986/build/src/ipc/chromium/src/chrome/common/ipc_channel_win.cc, line 341
[Parent 5212, Gecko_IOThread] WARNING: pipe error: 109: file z:/task_1568728986/build/src/ipc/chromium/src/chrome/common/ipc_channel_win.cc, line 341
1570100831097	Marionette	INFO	Stopped listening on port 50195

###!!! [Child][RunMessage] Error: Channel closing: too late to send/recv, messages will be lost

[GPU 11212, Chrome_1570100981806	mozrunner::runner	INFO	Running command: "D:\\Program Files (x86)\\Mozilla Firefox\\firefox.exe" "-marionette" "-foreground" "-no-remote" "-profile" "C:\\Users\\hp\\AppData\\Local\\Temp\\rust_mozprofile.Yk8Kayw3qGQ8"
1570100983133	addons.webextension.screenshots@mozilla.org	WARN	Loading extension 'screenshots@mozilla.org': Reading manifest: Invalid extension permission: mozillaAddons
1570100983133	addons.webextension.screenshots@mozilla.org	WARN	Loading extension 'screenshots@mozilla.org': Reading manifest: Invalid extension permission: telemetry
1570100983133	addons.webextension.screenshots@mozilla.org	WARN	Loading extension 'screenshots@mozilla.org': Reading manifest: Invalid extension permission: resource://pdf.js/
1570100983133	addons.webextension.screenshots@mozilla.org	WARN	Loading extension 'screenshots@mozilla.org': Reading manifest: Invalid extension permission: about:reader*
JavaScript error: resource://gre/modules/XULStore.jsm, line 66: Error: Can't find profile directory.
1570100985799	Marionette	INFO	Listening on port 50855
1570100986230	Marionette	WARN	TLS certificate errors will be ignored for this session
1570101036369	Marionette	WARN	TimedPromise timed out after 500 ms: stacktrace:
bail@chrome://marionette/content/sync.js:237:64
openRemotePrompt@resource://gre/modules/Prompter.jsm:634:15
openPrompt@resource://gre/modules/Prompter.jsm:673:9
alert@resource://gre/modules/Prompter.jsm:747:10
popUpAlert@https://www.wjx.cn/joinnew/js/jqnew2.js?v=950:4:24005
afterSubmit@https://www.wjx.cn/joinnew/js/jqnew2.js?v=950:3:27800
submit/f.onreadystatechange@https://www.wjx.cn/joinnew/js/jqnew2.js?v=950:3:14952
submit@https://www.wjx.cn/joinnew/js/jqnew2.js?v=950:3:19528
Init/submit_button.onclick@https://www.wjx.cn/joinnew/js/jqnew2.js?v=950:1:7099
event.synthesizeMouseAtPoint@chrome://marionette/content/event.js:213:14
webdriverClickElement@chrome://marionette/content/interaction.js:192:11
1570101081417	Marionette	WARN	TimedPromise timed out after 500 ms: stacktrace:
bail@chrome://marionette/content/sync.js:237:64
submit@https://www.wjx.cn/joinnew/js/jqnew2.js?v=950:3:19528
Init/submit_button.onclick@https://www.wjx.cn/joinnew/js/jqnew2.js?v=950:1:7099
event.synthesizeMouseAtPoint@chrome://marionette/content/event.js:213:14
webdriverClickElement@chrome://marionette/content/interaction.js:192:11
1570101134475	Marionette	WARN	TimedPromise timed out after 500 ms: stacktrace:
bail@chrome://marionette/content/sync.js:237:64
openRemotePrompt@resource://gre/modules/Prompter.jsm:634:15
openPrompt@resource://gre/modules/Prompter.jsm:673:9
alert@resource://gre/modules/Prompter.jsm:747:10
popUpAlert@https://www.wjx.cn/joinnew/js/jqnew2.js?v=950:4:24005
afterSubmit@https://www.wjx.cn/joinnew/js/jqnew2.js?v=950:3:27800
submit/f.onreadystatechange@https://www.wjx.cn/joinnew/js/jqnew2.js?v=950:3:14952
submit@https://www.wjx.cn/joinnew/js/jqnew2.js?v=950:3:19528
Init/submit_button.onclick@https://www.wjx.cn/joinnew/js/jqnew2.js?v=950:1:7099
event.synthesizeMouseAtPoint@chrome://marionette/content/event.js:213:14
webdriverClickElement@chrome://marionette/content/interaction.js:192:11
1570101146095	Marionette	WARN	TimedPromise timed out after 500 ms: stacktrace:
bail@chrome://marionette/content/sync.js:237:64
openRemotePrompt@resource://gre/modules/Prompter.jsm:634:15
openPrompt@resource://gre/modules/Prompter.jsm:673:9
alert@resource://gre/modules/Prompter.jsm:747:10
popUpAlert@https://www.wjx.cn/joinnew/js/jqnew2.js?v=950:4:24005
afterSubmit@https://www.wjx.cn/joinnew/js/jqnew2.js?v=950:3:27800
submit/f.onreadystatechange@https://www.wjx.cn/joinnew/js/jqnew2.js?v=950:3:14952
submit@https://www.wjx.cn/joinnew/js/jqnew2.js?v=950:3:19528
Init/submit_button.onclick@https://www.wjx.cn/joinnew/js/jqnew2.js?v=950:1:7099
event.synthesizeMouseAtPoint@chrome://marionette/content/event.js:213:14
webdriverClickElement@chrome://marionette/content/interaction.js:192:11
1570101189774	mozrunner::runner	INFO	Running command: "D:\\Program Files (x86)\\Mozilla Firefox\\firefox.exe" "-marionette" "-foreground" "-no-remote" "-profile" "C:\\Users\\hp\\AppData\\Local\\Temp\\rust_mozprofile.wjkj71D5MPaG"
1570101191173	addons.webextension.screenshots@mozilla.org	WARN	Loading extension 'screenshots@mozilla.org': Reading manifest: Invalid extension permission: mozillaAddons
1570101191173	addons.webextension.screenshots@mozilla.org	WARN	Loading extension 'screenshots@mozilla.org': Reading manifest: Invalid extension permission: telemetry
1570101191173	addons.webextension.screenshots@mozilla.org	WARN	Loading extension 'screenshots@mozilla.org': Reading manifest: Invalid extension permission: resource://pdf.js/
1570101191173	addons.webextension.screenshots@mozilla.org	WARN	Loading extension 'screenshots@mozilla.org': Reading manifest: Invalid extension permission: about:reader*
JavaScript error: resource://gre/modules/XULStore.jsm, line 66: Error: Can't find profile directory.
1570101194460	Marionette	INFO	Listening on port 51048
1570101194848	Marionette	WARN	TLS certificate errors will be ignored for this session
1570101328686	Marionette	INFO	Stopped listening on port 51048
[Parent 12092, Gecko_IOThread] WARNING: pipe error: 109: file z:/task_1568728986/build/src/ipc/chromium/src/chrome/common/ipc_channel_win.cc, line 341
[Child 8540, Chrome_ChildThread] WARNING: pipe error: 109: file z:/task_1568728986/build/src/ipc/chromium/src/chrome/common/ipc_channel_win.cc, line 341
[Child 8540, Chrome_ChildThread] WARNING: pipe error: 109: file z:/task_1568728986/build/src/ipc/chromium/src/chrome/common/ipc_chann[Child 14132, Chrome_ChildThread] WARNING: pipe error: 109: file z:/task_1568728986/build/src/ipc/chromium/src/chrome/common/ipc_channel_win.cc, line 341
[Child 14132, Chrome_ChildThread] WARNING: pipe error: 109: file z:/task_1568728986/build/src/ipc/chromium/src/chrome/common/ipc_channel_win.cc, line 341
[GPU 1744, Chrome_Chi[Parent 12092, Gecko_IOThread] WARNING: pipe error: 232: file z:/task_1568728986/build/src/ipc/chromium/src/chrome/common/ipc_channel_win.cc, line 502

###!!! [Child][MessageChannel::SendAndWait] Error: (msgtype=0x560005,name=PImageBridge::Msg_WillClose) Channel error: cannot send/recv

